{"numTotalTestSuites":32,"numPassedTestSuites":32,"numFailedTestSuites":0,"numPendingTestSuites":0,"numTotalTests":46,"numPassedTests":46,"numFailedTests":0,"numPendingTests":0,"numTodoTests":0,"snapshot":{"added":0,"failure":false,"filesAdded":0,"filesRemoved":0,"filesRemovedList":[],"filesUnmatched":0,"filesUpdated":0,"matched":0,"total":0,"unchecked":0,"uncheckedKeysByFile":[],"unmatched":0,"updated":0,"didUpdate":false},"startTime":1770052397826,"success":true,"testResults":[{"assertionResults":[{"ancestorTitles":["Hashing Utils","createContentHash"],"fullName":"Hashing Utils createContentHash should generate consistent hash for same content","status":"passed","title":"should generate consistent hash for same content","duration":1.426917000000003,"failureMessages":[],"meta":{}},{"ancestorTitles":["Hashing Utils","createContentHash"],"fullName":"Hashing Utils createContentHash should generate different hash for different content","status":"passed","title":"should generate different hash for different content","duration":0.4533339999999981,"failureMessages":[],"meta":{}},{"ancestorTitles":["Hashing Utils","createOptionsHash"],"fullName":"Hashing Utils createOptionsHash should generate stable hash regardless of key order","status":"passed","title":"should generate stable hash regardless of key order","duration":0.11062499999999886,"failureMessages":[],"meta":{}},{"ancestorTitles":["Hashing Utils","createOptionsHash"],"fullName":"Hashing Utils createOptionsHash should generate different hash for different values","status":"passed","title":"should generate different hash for different values","duration":0.08329200000000014,"failureMessages":[],"meta":{}},{"ancestorTitles":["Hashing Utils","generateOutputName"],"fullName":"Hashing Utils generateOutputName should combine parts correctly","status":"passed","title":"should combine parts correctly","duration":0.05691699999999855,"failureMessages":[],"meta":{}}],"startTime":1770052398519,"endTime":1770052398521.1106,"status":"passed","message":"","name":"/Users/ryanrentfro/code/aitool-photo-optimizer/packages/core/test/hashing.test.ts"},{"assertionResults":[{"ancestorTitles":["Manifest Utils"],"fullName":"Manifest Utils createEmptyManifest should return a default structure","status":"passed","title":"createEmptyManifest should return a default structure","duration":2.937624999999997,"failureMessages":[],"meta":{}},{"ancestorTitles":["Manifest Utils"],"fullName":"Manifest Utils mergeManifests should combine entries","status":"passed","title":"mergeManifests should combine entries","duration":2.7216250000000173,"failureMessages":[],"meta":{}},{"ancestorTitles":["Manifest Utils"],"fullName":"Manifest Utils mergeManifests should overwrite existing entries","status":"passed","title":"mergeManifests should overwrite existing entries","duration":0.7172920000000147,"failureMessages":[],"meta":{}}],"startTime":1770052398392,"endTime":1770052398398.7173,"status":"passed","message":"","name":"/Users/ryanrentfro/code/aitool-photo-optimizer/packages/core/test/manifest.test.ts"},{"assertionResults":[{"ancestorTitles":["Planner"],"fullName":"Planner should throw if input buffer is missing","status":"passed","title":"should throw if input buffer is missing","duration":3.044875000000019,"failureMessages":[],"meta":{}},{"ancestorTitles":["Planner"],"fullName":"Planner should generate jobs for default formats","status":"passed","title":"should generate jobs for default formats","duration":2.186125000000004,"failureMessages":[],"meta":{}},{"ancestorTitles":["Planner"],"fullName":"Planner should apply presets based on classification","status":"passed","title":"should apply presets based on classification","duration":0.4731249999999818,"failureMessages":[],"meta":{}},{"ancestorTitles":["Planner"],"fullName":"Planner should respect container dimensions","status":"passed","title":"should respect container dimensions","duration":0.28674999999998363,"failureMessages":[],"meta":{}},{"ancestorTitles":["Planner"],"fullName":"Planner should merge specific format configs","status":"passed","title":"should merge specific format configs","duration":0.28650000000001796,"failureMessages":[],"meta":{}}],"startTime":1770052398451,"endTime":1770052398457.2869,"status":"passed","message":"","name":"/Users/ryanrentfro/code/aitool-photo-optimizer/packages/core/test/planner.test.ts"},{"assertionResults":[{"ancestorTitles":["HeuristicClassifier"],"fullName":"HeuristicClassifier should classify based on extension","status":"passed","title":"should classify based on extension","duration":0.8081249999999898,"failureMessages":[],"meta":{}},{"ancestorTitles":["HeuristicClassifier"],"fullName":"HeuristicClassifier should classify screenshot based on keyword in path","status":"passed","title":"should classify screenshot based on keyword in path","duration":0.07158400000000142,"failureMessages":[],"meta":{}},{"ancestorTitles":["HeuristicClassifier"],"fullName":"HeuristicClassifier should refine classification based on metadata","status":"passed","title":"should refine classification based on metadata","duration":0.14204099999999187,"failureMessages":[],"meta":{}}],"startTime":1770052398528,"endTime":1770052398529.142,"status":"passed","message":"","name":"/Users/ryanrentfro/code/aitool-photo-optimizer/packages/node/test/classifier.test.ts"},{"assertionResults":[{"ancestorTitles":["CLI","loadConfig"],"fullName":"CLI loadConfig should load config if exists","status":"passed","title":"should load config if exists","duration":2.4385420000000977,"failureMessages":[],"meta":{}},{"ancestorTitles":["CLI","loadConfig"],"fullName":"CLI loadConfig should return default config if not exists","status":"passed","title":"should return default config if not exists","duration":0.08883400000001984,"failureMessages":[],"meta":{}},{"ancestorTitles":["CLI","buildAction"],"fullName":"CLI buildAction should run build process","status":"passed","title":"should run build process","duration":12.29145799999992,"failureMessages":[],"meta":{}},{"ancestorTitles":["CLI","buildAction"],"fullName":"CLI buildAction should clean output directory if requested","status":"passed","title":"should clean output directory if requested","duration":2.1225829999999632,"failureMessages":[],"meta":{}},{"ancestorTitles":["CLI","updateSourceAction"],"fullName":"CLI updateSourceAction should update source files","status":"passed","title":"should update source files","duration":1.564958000000047,"failureMessages":[],"meta":{}},{"ancestorTitles":["CLI","updateSourceAction"],"fullName":"CLI updateSourceAction should handle errors","status":"passed","title":"should handle errors","duration":0.5850840000000517,"failureMessages":[],"meta":{}}],"startTime":1770052398368,"endTime":1770052398387.5852,"status":"passed","message":"","name":"/Users/ryanrentfro/code/aitool-photo-optimizer/packages/node/test/cli.test.ts"},{"assertionResults":[{"ancestorTitles":["SharpAdapter"],"fullName":"SharpAdapter should initialize worker pool","status":"passed","title":"should initialize worker pool","duration":1.0900000000000034,"failureMessages":[],"meta":{}},{"ancestorTitles":["SharpAdapter"],"fullName":"SharpAdapter should offload optimize to worker","status":"passed","title":"should offload optimize to worker","duration":1.387083000000004,"failureMessages":[],"meta":{}},{"ancestorTitles":["SharpAdapter"],"fullName":"SharpAdapter should offload metadata to worker","status":"passed","title":"should offload metadata to worker","duration":0.21770899999999926,"failureMessages":[],"meta":{}},{"ancestorTitles":["SharpAdapter"],"fullName":"SharpAdapter should close pool","status":"passed","title":"should close pool","duration":0.0771660000000054,"failureMessages":[],"meta":{}}],"startTime":1770052398517,"endTime":1770052398519.387,"status":"passed","message":"","name":"/Users/ryanrentfro/code/aitool-photo-optimizer/packages/node/test/codecs.test.ts"},{"assertionResults":[{"ancestorTitles":["Golden Image Tests (E2E)"],"fullName":"Golden Image Tests (E2E) should build golden images with correct classification and presets","status":"passed","title":"should build golden images with correct classification and presets","duration":379.69941600000004,"failureMessages":[],"meta":{}}],"startTime":1770052398032,"endTime":1770052398411.6995,"status":"passed","message":"","name":"/Users/ryanrentfro/code/aitool-photo-optimizer/packages/node/test/golden.spec.ts"},{"assertionResults":[{"ancestorTitles":["LocalQueue"],"fullName":"LocalQueue should execute jobs with concurrency","status":"passed","title":"should execute jobs with concurrency","duration":121.52066700000003,"failureMessages":[],"meta":{}},{"ancestorTitles":["LocalQueue"],"fullName":"LocalQueue should handle job errors","status":"passed","title":"should handle job errors","duration":26.878417000000013,"failureMessages":[],"meta":{}},{"ancestorTitles":["LocalQueue"],"fullName":"LocalQueue should process queued items","status":"passed","title":"should process queued items","duration":0.43091699999996536,"failureMessages":[],"meta":{}}],"startTime":1770052398037,"endTime":1770052398186.431,"status":"passed","message":"","name":"/Users/ryanrentfro/code/aitool-photo-optimizer/packages/node/test/queue.test.ts"},{"assertionResults":[{"ancestorTitles":["SourceUpdater"],"fullName":"SourceUpdater should load manifest correctly","status":"passed","title":"should load manifest correctly","duration":3.915333000000004,"failureMessages":[],"meta":{}},{"ancestorTitles":["SourceUpdater"],"fullName":"SourceUpdater should replace img src and add srcset","status":"passed","title":"should replace img src and add srcset","duration":10.520207999999997,"failureMessages":[],"meta":{}},{"ancestorTitles":["SourceUpdater"],"fullName":"SourceUpdater should replace string references in JS/TS files","status":"passed","title":"should replace string references in JS/TS files","duration":5.234875000000017,"failureMessages":[],"meta":{}},{"ancestorTitles":["SourceUpdater"],"fullName":"SourceUpdater should not modify files in dry-run mode","status":"passed","title":"should not modify files in dry-run mode","duration":3.6492500000000234,"failureMessages":[],"meta":{}}],"startTime":1770052398083,"endTime":1770052398106.6492,"status":"passed","message":"","name":"/Users/ryanrentfro/code/aitool-photo-optimizer/packages/node/test/source-updater.test.ts"},{"assertionResults":[{"ancestorTitles":["FileSystemAdapter"],"fullName":"FileSystemAdapter should read file from base path","status":"passed","title":"should read file from base path","duration":1.8039580000000228,"failureMessages":[],"meta":{}},{"ancestorTitles":["FileSystemAdapter"],"fullName":"FileSystemAdapter should write file ensuring directory exists","status":"passed","title":"should write file ensuring directory exists","duration":0.7986659999999688,"failureMessages":[],"meta":{}},{"ancestorTitles":["FileSystemAdapter"],"fullName":"FileSystemAdapter should check existence","status":"passed","title":"should check existence","duration":0.17158299999999826,"failureMessages":[],"meta":{}},{"ancestorTitles":["FileSystemAdapter"],"fullName":"FileSystemAdapter should delete file","status":"passed","title":"should delete file","duration":0.11208399999998164,"failureMessages":[],"meta":{}}],"startTime":1770052398426,"endTime":1770052398429.1716,"status":"passed","message":"","name":"/Users/ryanrentfro/code/aitool-photo-optimizer/packages/node/test/storage.test.ts"},{"assertionResults":[{"ancestorTitles":["CLI source-update"],"fullName":"CLI source-update should update source files using CLI","status":"passed","title":"should update source files using CLI","duration":313.524958,"failureMessages":[],"meta":{}},{"ancestorTitles":["CLI source-update"],"fullName":"CLI source-update should support dry-run","status":"passed","title":"should support dry-run","duration":137.30649999999997,"failureMessages":[],"meta":{}}],"startTime":1770052398029,"endTime":1770052398480.3064,"status":"passed","message":"","name":"/Users/ryanrentfro/code/aitool-photo-optimizer/packages/node/test/update-source.spec.ts"},{"assertionResults":[{"ancestorTitles":["WorkerPool"],"fullName":"WorkerPool should distribute tasks to workers","status":"passed","title":"should distribute tasks to workers","duration":22.777875000000023,"failureMessages":[],"meta":{}},{"ancestorTitles":["WorkerPool"],"fullName":"WorkerPool should handle worker errors","status":"passed","title":"should handle worker errors","duration":12.464124999999996,"failureMessages":[],"meta":{}},{"ancestorTitles":["WorkerPool"],"fullName":"WorkerPool should handle worker crash","status":"passed","title":"should handle worker crash","duration":12.953917000000018,"failureMessages":[],"meta":{}}],"startTime":1770052398065,"endTime":1770052398112.9539,"status":"passed","message":"","name":"/Users/ryanrentfro/code/aitool-photo-optimizer/packages/node/test/worker-pool.test.ts"},{"assertionResults":[{"ancestorTitles":["AutoOptimizer"],"fullName":"AutoOptimizer should optimize existing images on scan","status":"passed","title":"should optimize existing images on scan","duration":18.371000000000095,"failureMessages":[],"meta":{}},{"ancestorTitles":["AutoOptimizer"],"fullName":"AutoOptimizer should handle childList mutations","status":"passed","title":"should handle childList mutations","duration":1.563083000000006,"failureMessages":[],"meta":{}},{"ancestorTitles":["AutoOptimizer"],"fullName":"AutoOptimizer should handle attribute mutations","status":"passed","title":"should handle attribute mutations","duration":0.23145899999997255,"failureMessages":[],"meta":{}}],"startTime":1770052398391,"endTime":1770052398411.2314,"status":"passed","message":"","name":"/Users/ryanrentfro/code/aitool-photo-optimizer/packages/web/test/observer.test.ts"}],"coverageMap":{"/Users/ryanrentfro/code/aitool-photo-optimizer/packages/core/src/model/manifest.js":{"path":"/Users/ryanrentfro/code/aitool-photo-optimizer/packages/core/src/model/manifest.js","statementMap":{"0":{"start":{"line":2,"column":0},"end":{"line":2,"column":null}},"1":{"start":{"line":3,"column":0},"end":{"line":3,"column":null}},"2":{"start":{"line":4,"column":0},"end":{"line":4,"column":null}},"3":{"start":{"line":6,"column":4},"end":{"line":10,"column":null}},"4":{"start":{"line":13,"column":4},"end":{"line":20,"column":null}}},"fnMap":{"0":{"name":"createEmptyManifest","decl":{"start":{"line":5,"column":9},"end":{"line":5,"column":28}},"loc":{"start":{"line":5,"column":31},"end":{"line":11,"column":null}},"line":5},"1":{"name":"mergeManifests","decl":{"start":{"line":12,"column":9},"end":{"line":12,"column":23}},"loc":{"start":{"line":12,"column":38},"end":{"line":21,"column":null}},"line":12}},"branchMap":{},"s":{"0":1,"1":1,"2":1,"3":1,"4":2},"f":{"0":1,"1":2},"b":{},"meta":{"lastBranch":0,"lastFunction":2,"lastStatement":5,"seen":{"s:2:0:2:Infinity":0,"s:3:0:3:Infinity":1,"s:4:0:4:Infinity":2,"f:5:9:5:28":0,"s:6:4:10:Infinity":3,"f:12:9:12:23":1,"s:13:4:20:Infinity":4}}},"/Users/ryanrentfro/code/aitool-photo-optimizer/packages/core/src/model/descriptors.js":{"path":"/Users/ryanrentfro/code/aitool-photo-optimizer/packages/core/src/model/descriptors.js","statementMap":{"0":{"start":{"line":2,"column":0},"end":{"line":2,"column":null}},"1":{"start":{"line":3,"column":0},"end":{"line":3,"column":null}},"2":{"start":{"line":4,"column":0},"end":{"line":32,"column":null}}},"fnMap":{},"branchMap":{},"s":{"0":1,"1":1,"2":1},"f":{},"b":{},"meta":{"lastBranch":0,"lastFunction":0,"lastStatement":3,"seen":{"s:2:0:2:Infinity":0,"s:3:0:3:Infinity":1,"s:4:0:32:Infinity":2}}},"/Users/ryanrentfro/code/aitool-photo-optimizer/packages/core/src/hashing/hash.js":{"path":"/Users/ryanrentfro/code/aitool-photo-optimizer/packages/core/src/hashing/hash.js","statementMap":{"0":{"start":{"line":2,"column":22},"end":{"line":4,"column":1}},"1":{"start":{"line":3,"column":4},"end":{"line":3,"column":null}},"2":{"start":{"line":5,"column":0},"end":{"line":5,"column":null}},"3":{"start":{"line":6,"column":0},"end":{"line":6,"column":null}},"4":{"start":{"line":7,"column":0},"end":{"line":7,"column":null}},"5":{"start":{"line":8,"column":0},"end":{"line":8,"column":null}},"6":{"start":{"line":9,"column":17},"end":{"line":9,"column":51}},"7":{"start":{"line":11,"column":17},"end":{"line":11,"column":54}},"8":{"start":{"line":12,"column":4},"end":{"line":12,"column":null}},"9":{"start":{"line":13,"column":4},"end":{"line":13,"column":null}},"10":{"start":{"line":17,"column":25},"end":{"line":17,"column":77}},"11":{"start":{"line":18,"column":17},"end":{"line":18,"column":54}},"12":{"start":{"line":19,"column":4},"end":{"line":19,"column":null}},"13":{"start":{"line":20,"column":4},"end":{"line":20,"column":null}},"14":{"start":{"line":23,"column":4},"end":{"line":23,"column":null}}},"fnMap":{"0":{"name":"(anonymous_0)","decl":{"start":{"line":2,"column":56},"end":{"line":2,"column":64}},"loc":{"start":{"line":2,"column":71},"end":{"line":4,"column":1}},"line":2},"1":{"name":"createContentHash","decl":{"start":{"line":10,"column":9},"end":{"line":10,"column":26}},"loc":{"start":{"line":10,"column":35},"end":{"line":14,"column":null}},"line":10},"2":{"name":"createOptionsHash","decl":{"start":{"line":15,"column":9},"end":{"line":15,"column":26}},"loc":{"start":{"line":15,"column":36},"end":{"line":21,"column":null}},"line":15},"3":{"name":"generateOutputName","decl":{"start":{"line":22,"column":9},"end":{"line":22,"column":27}},"loc":{"start":{"line":22,"column":77},"end":{"line":24,"column":null}},"line":22}},"branchMap":{"0":{"loc":{"start":{"line":2,"column":22},"end":{"line":4,"column":1}},"type":"binary-expr","locations":[{"start":{"line":2,"column":23},"end":{"line":2,"column":27}},{"start":{"line":2,"column":31},"end":{"line":2,"column":51}},{"start":{"line":2,"column":56},"end":{"line":4,"column":1}}],"line":2},"1":{"loc":{"start":{"line":3,"column":11},"end":{"line":3,"column":61}},"type":"cond-expr","locations":[{"start":{"line":3,"column":37},"end":{"line":3,"column":40}},{"start":{"line":3,"column":43},"end":{"line":3,"column":61}}],"line":3},"2":{"loc":{"start":{"line":3,"column":12},"end":{"line":3,"column":33}},"type":"binary-expr","locations":[{"start":{"line":3,"column":12},"end":{"line":3,"column":15}},{"start":{"line":3,"column":19},"end":{"line":3,"column":33}}],"line":3}},"s":{"0":1,"1":1,"2":1,"3":4,"4":4,"5":4,"6":4,"7":4,"8":4,"9":4,"10":8,"11":8,"12":8,"13":4,"14":1},"f":{"0":1,"1":4,"2":4,"3":1},"b":{"0":[1,1,1],"1":[0,1],"2":[1,1]},"meta":{"lastBranch":3,"lastFunction":4,"lastStatement":15,"seen":{"s:2:22:4:1":0,"b:2:23:2:27:2:31:2:51:2:56:4:1":0,"f:2:56:2:64":0,"s:3:4:3:Infinity":1,"b:3:37:3:40:3:43:3:61":1,"b:3:12:3:15:3:19:3:33":2,"s:5:0:5:Infinity":2,"s:6:0:6:Infinity":3,"s:7:0:7:Infinity":4,"s:8:0:8:Infinity":5,"s:9:17:9:51":6,"f:10:9:10:26":1,"s:11:17:11:54":7,"s:12:4:12:Infinity":8,"s:13:4:13:Infinity":9,"f:15:9:15:26":2,"s:17:25:17:77":10,"s:18:17:18:54":11,"s:19:4:19:Infinity":12,"s:20:4:20:Infinity":13,"f:22:9:22:27":3,"s:23:4:23:Infinity":14}}},"/Users/ryanrentfro/code/aitool-photo-optimizer/packages/node/src/codecs/sharp-adapter.ts":{"path":"/Users/ryanrentfro/code/aitool-photo-optimizer/packages/node/src/codecs/sharp-adapter.ts","statementMap":{"0":{"start":{"line":8,"column":8},"end":{"line":8,"column":null}},"1":{"start":{"line":9,"column":8},"end":{"line":9,"column":null}},"2":{"start":{"line":14,"column":8},"end":{"line":18,"column":null}},"3":{"start":{"line":23,"column":23},"end":{"line":26,"column":null}},"4":{"start":{"line":28,"column":8},"end":{"line":32,"column":null}},"5":{"start":{"line":36,"column":8},"end":{"line":36,"column":null}}},"fnMap":{"0":{"name":"(anonymous_0)","decl":{"start":{"line":7,"column":4},"end":{"line":7,"column":16}},"loc":{"start":{"line":7,"column":35},"end":{"line":10,"column":null}},"line":7},"1":{"name":"(anonymous_1)","decl":{"start":{"line":12,"column":10},"end":{"line":12,"column":19}},"loc":{"start":{"line":12,"column":123},"end":{"line":19,"column":null}},"line":12},"2":{"name":"(anonymous_2)","decl":{"start":{"line":21,"column":10},"end":{"line":21,"column":19}},"loc":{"start":{"line":21,"column":94},"end":{"line":33,"column":null}},"line":21},"3":{"name":"(anonymous_3)","decl":{"start":{"line":35,"column":4},"end":{"line":35,"column":12}},"loc":{"start":{"line":35,"column":12},"end":{"line":37,"column":null}},"line":35}},"branchMap":{"0":{"loc":{"start":{"line":29,"column":19},"end":{"line":29,"column":null}},"type":"binary-expr","locations":[{"start":{"line":29,"column":19},"end":{"line":29,"column":35}},{"start":{"line":29,"column":35},"end":{"line":29,"column":null}}],"line":29},"1":{"loc":{"start":{"line":30,"column":20},"end":{"line":30,"column":null}},"type":"binary-expr","locations":[{"start":{"line":30,"column":20},"end":{"line":30,"column":37}},{"start":{"line":30,"column":37},"end":{"line":30,"column":null}}],"line":30},"2":{"loc":{"start":{"line":31,"column":20},"end":{"line":31,"column":null}},"type":"binary-expr","locations":[{"start":{"line":31,"column":20},"end":{"line":31,"column":37}},{"start":{"line":31,"column":37},"end":{"line":31,"column":null}}],"line":31}},"s":{"0":4,"1":4,"2":1,"3":1,"4":1,"5":1},"f":{"0":4,"1":1,"2":1,"3":1},"b":{"0":[1,0],"1":[1,0],"2":[1,0]},"meta":{"lastBranch":3,"lastFunction":4,"lastStatement":6,"seen":{"f:7:4:7:16":0,"s:8:8:8:Infinity":0,"s:9:8:9:Infinity":1,"f:12:10:12:19":1,"s:14:8:18:Infinity":2,"f:21:10:21:19":2,"s:23:23:26:Infinity":3,"s:28:8:32:Infinity":4,"b:29:19:29:35:29:35:29:Infinity":0,"b:30:20:30:37:30:37:30:Infinity":1,"b:31:20:31:37:31:37:31:Infinity":2,"f:35:4:35:12":3,"s:36:8:36:Infinity":5}}},"/Users/ryanrentfro/code/aitool-photo-optimizer/packages/node/src/classifier.ts":{"path":"/Users/ryanrentfro/code/aitool-photo-optimizer/packages/node/src/classifier.ts","statementMap":{"0":{"start":{"line":6,"column":20},"end":{"line":6,"column":null}},"1":{"start":{"line":9,"column":8},"end":{"line":9,"column":null}},"2":{"start":{"line":9,"column":28},"end":{"line":9,"column":null}},"3":{"start":{"line":12,"column":8},"end":{"line":16,"column":null}},"4":{"start":{"line":18,"column":8},"end":{"line":30,"column":null}},"5":{"start":{"line":27,"column":12},"end":{"line":27,"column":null}},"6":{"start":{"line":27,"column":84},"end":{"line":27,"column":null}},"7":{"start":{"line":28,"column":12},"end":{"line":28,"column":null}},"8":{"start":{"line":28,"column":76},"end":{"line":28,"column":null}},"9":{"start":{"line":29,"column":12},"end":{"line":29,"column":null}},"10":{"start":{"line":32,"column":8},"end":{"line":34,"column":null}},"11":{"start":{"line":33,"column":12},"end":{"line":33,"column":null}},"12":{"start":{"line":36,"column":8},"end":{"line":36,"column":null}},"13":{"start":{"line":36,"column":43},"end":{"line":36,"column":null}},"14":{"start":{"line":38,"column":8},"end":{"line":38,"column":null}},"15":{"start":{"line":43,"column":8},"end":{"line":43,"column":null}},"16":{"start":{"line":43,"column":39},"end":{"line":43,"column":null}},"17":{"start":{"line":46,"column":8},"end":{"line":48,"column":null}},"18":{"start":{"line":47,"column":12},"end":{"line":47,"column":null}},"19":{"start":{"line":47,"column":43},"end":{"line":47,"column":null}},"20":{"start":{"line":52,"column":8},"end":{"line":54,"column":null}},"21":{"start":{"line":53,"column":12},"end":{"line":53,"column":null}},"22":{"start":{"line":56,"column":8},"end":{"line":58,"column":null}},"23":{"start":{"line":57,"column":12},"end":{"line":57,"column":null}},"24":{"start":{"line":60,"column":8},"end":{"line":60,"column":null}}},"fnMap":{"0":{"name":"(anonymous_0)","decl":{"start":{"line":5,"column":4},"end":{"line":5,"column":13}},"loc":{"start":{"line":5,"column":63},"end":{"line":39,"column":null}},"line":5},"1":{"name":"(anonymous_1)","decl":{"start":{"line":41,"column":10},"end":{"line":41,"column":31}},"loc":{"start":{"line":41,"column":152},"end":{"line":61,"column":null}},"line":41}},"branchMap":{"0":{"loc":{"start":{"line":9,"column":8},"end":{"line":9,"column":null}},"type":"if","locations":[{"start":{"line":9,"column":8},"end":{"line":9,"column":null}},{"start":{},"end":{}}],"line":9},"1":{"loc":{"start":{"line":12,"column":8},"end":{"line":16,"column":null}},"type":"if","locations":[{"start":{"line":12,"column":8},"end":{"line":16,"column":null}},{"start":{},"end":{}}],"line":12},"2":{"loc":{"start":{"line":18,"column":8},"end":{"line":30,"column":null}},"type":"if","locations":[{"start":{"line":18,"column":8},"end":{"line":30,"column":null}},{"start":{},"end":{}}],"line":18},"3":{"loc":{"start":{"line":27,"column":12},"end":{"line":27,"column":null}},"type":"if","locations":[{"start":{"line":27,"column":12},"end":{"line":27,"column":null}},{"start":{},"end":{}}],"line":27},"4":{"loc":{"start":{"line":27,"column":16},"end":{"line":27,"column":84}},"type":"binary-expr","locations":[{"start":{"line":27,"column":16},"end":{"line":27,"column":53}},{"start":{"line":27,"column":53},"end":{"line":27,"column":84}}],"line":27},"5":{"loc":{"start":{"line":28,"column":12},"end":{"line":28,"column":null}},"type":"if","locations":[{"start":{"line":28,"column":12},"end":{"line":28,"column":null}},{"start":{},"end":{}}],"line":28},"6":{"loc":{"start":{"line":28,"column":16},"end":{"line":28,"column":76}},"type":"binary-expr","locations":[{"start":{"line":28,"column":16},"end":{"line":28,"column":47}},{"start":{"line":28,"column":47},"end":{"line":28,"column":76}}],"line":28},"7":{"loc":{"start":{"line":32,"column":8},"end":{"line":34,"column":null}},"type":"if","locations":[{"start":{"line":32,"column":8},"end":{"line":34,"column":null}},{"start":{},"end":{}}],"line":32},"8":{"loc":{"start":{"line":36,"column":8},"end":{"line":36,"column":null}},"type":"if","locations":[{"start":{"line":36,"column":8},"end":{"line":36,"column":null}},{"start":{},"end":{}}],"line":36},"9":{"loc":{"start":{"line":43,"column":8},"end":{"line":43,"column":null}},"type":"if","locations":[{"start":{"line":43,"column":8},"end":{"line":43,"column":null}},{"start":{},"end":{}}],"line":43},"10":{"loc":{"start":{"line":46,"column":8},"end":{"line":48,"column":null}},"type":"if","locations":[{"start":{"line":46,"column":8},"end":{"line":48,"column":null}},{"start":{},"end":{}}],"line":46},"11":{"loc":{"start":{"line":46,"column":12},"end":{"line":46,"column":61}},"type":"binary-expr","locations":[{"start":{"line":46,"column":12},"end":{"line":46,"column":37}},{"start":{"line":46,"column":37},"end":{"line":46,"column":61}}],"line":46},"12":{"loc":{"start":{"line":47,"column":12},"end":{"line":47,"column":null}},"type":"if","locations":[{"start":{"line":47,"column":12},"end":{"line":47,"column":null}},{"start":{},"end":{}}],"line":47},"13":{"loc":{"start":{"line":52,"column":8},"end":{"line":54,"column":null}},"type":"if","locations":[{"start":{"line":52,"column":8},"end":{"line":54,"column":null}},{"start":{},"end":{}}],"line":52},"14":{"loc":{"start":{"line":52,"column":12},"end":{"line":52,"column":63}},"type":"binary-expr","locations":[{"start":{"line":52,"column":12},"end":{"line":52,"column":41}},{"start":{"line":52,"column":41},"end":{"line":52,"column":63}}],"line":52},"15":{"loc":{"start":{"line":56,"column":8},"end":{"line":58,"column":null}},"type":"if","locations":[{"start":{"line":56,"column":8},"end":{"line":58,"column":null}},{"start":{},"end":{}}],"line":56},"16":{"loc":{"start":{"line":60,"column":15},"end":{"line":60,"column":null}},"type":"binary-expr","locations":[{"start":{"line":60,"column":15},"end":{"line":60,"column":40}},{"start":{"line":60,"column":40},"end":{"line":60,"column":null}}],"line":60}},"s":{"0":9,"1":9,"2":1,"3":8,"4":8,"5":2,"6":1,"7":1,"8":0,"9":1,"10":6,"11":3,"12":3,"13":2,"14":1,"15":5,"16":0,"17":5,"18":1,"19":1,"20":4,"21":1,"22":3,"23":1,"24":2},"f":{"0":9,"1":5},"b":{"0":[1,8],"1":[1,7],"2":[2,6],"3":[1,1],"4":[2,1],"5":[0,1],"6":[1,1],"7":[3,3],"8":[2,1],"9":[0,5],"10":[1,4],"11":[5,1],"12":[1,0],"13":[1,3],"14":[4,3],"15":[1,2],"16":[2,1]},"meta":{"lastBranch":17,"lastFunction":2,"lastStatement":25,"seen":{"f:5:4:5:13":0,"s:6:20:6:Infinity":0,"b:9:8:9:Infinity:undefined:undefined:undefined:undefined":0,"s:9:8:9:Infinity":1,"s:9:28:9:Infinity":2,"b:12:8:16:Infinity:undefined:undefined:undefined:undefined":1,"s:12:8:16:Infinity":3,"b:18:8:30:Infinity:undefined:undefined:undefined:undefined":2,"s:18:8:30:Infinity":4,"b:27:12:27:Infinity:undefined:undefined:undefined:undefined":3,"s:27:12:27:Infinity":5,"b:27:16:27:53:27:53:27:84":4,"s:27:84:27:Infinity":6,"b:28:12:28:Infinity:undefined:undefined:undefined:undefined":5,"s:28:12:28:Infinity":7,"b:28:16:28:47:28:47:28:76":6,"s:28:76:28:Infinity":8,"s:29:12:29:Infinity":9,"b:32:8:34:Infinity:undefined:undefined:undefined:undefined":7,"s:32:8:34:Infinity":10,"s:33:12:33:Infinity":11,"b:36:8:36:Infinity:undefined:undefined:undefined:undefined":8,"s:36:8:36:Infinity":12,"s:36:43:36:Infinity":13,"s:38:8:38:Infinity":14,"f:41:10:41:31":1,"b:43:8:43:Infinity:undefined:undefined:undefined:undefined":9,"s:43:8:43:Infinity":15,"s:43:39:43:Infinity":16,"b:46:8:48:Infinity:undefined:undefined:undefined:undefined":10,"s:46:8:48:Infinity":17,"b:46:12:46:37:46:37:46:61":11,"b:47:12:47:Infinity:undefined:undefined:undefined:undefined":12,"s:47:12:47:Infinity":18,"s:47:43:47:Infinity":19,"b:52:8:54:Infinity:undefined:undefined:undefined:undefined":13,"s:52:8:54:Infinity":20,"b:52:12:52:41:52:41:52:63":14,"s:53:12:53:Infinity":21,"b:56:8:58:Infinity:undefined:undefined:undefined:undefined":15,"s:56:8:58:Infinity":22,"s:57:12:57:Infinity":23,"s:60:8:60:Infinity":24,"b:60:15:60:40:60:40:60:Infinity":16}}},"/Users/ryanrentfro/code/aitool-photo-optimizer/packages/node/src/commands/update-source.ts":{"path":"/Users/ryanrentfro/code/aitool-photo-optimizer/packages/node/src/commands/update-source.ts","statementMap":{"0":{"start":{"line":5,"column":34},"end":{"line":21,"column":null}},"1":{"start":{"line":6,"column":16},"end":{"line":6,"column":null}},"2":{"start":{"line":7,"column":25},"end":{"line":7,"column":null}},"3":{"start":{"line":9,"column":4},"end":{"line":9,"column":null}},"4":{"start":{"line":11,"column":4},"end":{"line":20,"column":null}},"5":{"start":{"line":12,"column":24},"end":{"line":12,"column":null}},"6":{"start":{"line":13,"column":8},"end":{"line":13,"column":null}},"7":{"start":{"line":14,"column":8},"end":{"line":14,"column":null}},"8":{"start":{"line":15,"column":8},"end":{"line":15,"column":null}},"9":{"start":{"line":17,"column":20},"end":{"line":17,"column":null}},"10":{"start":{"line":18,"column":8},"end":{"line":18,"column":null}},"11":{"start":{"line":19,"column":8},"end":{"line":19,"column":null}}},"fnMap":{"0":{"name":"(anonymous_0)","decl":{"start":{"line":5,"column":34},"end":{"line":5,"column":41}},"loc":{"start":{"line":5,"column":109},"end":{"line":21,"column":null}},"line":5}},"branchMap":{"0":{"loc":{"start":{"line":17,"column":20},"end":{"line":17,"column":null}},"type":"cond-expr","locations":[{"start":{"line":17,"column":41},"end":{"line":17,"column":53}},{"start":{"line":17,"column":53},"end":{"line":17,"column":null}}],"line":17}},"s":{"0":1,"1":2,"2":2,"3":2,"4":2,"5":2,"6":2,"7":1,"8":1,"9":1,"10":1,"11":1},"f":{"0":2},"b":{"0":[1,0]},"meta":{"lastBranch":1,"lastFunction":1,"lastStatement":12,"seen":{"s:5:34:21:Infinity":0,"f:5:34:5:41":0,"s:6:16:6:Infinity":1,"s:7:25:7:Infinity":2,"s:9:4:9:Infinity":3,"s:11:4:20:Infinity":4,"s:12:24:12:Infinity":5,"s:13:8:13:Infinity":6,"s:14:8:14:Infinity":7,"s:15:8:15:Infinity":8,"s:17:20:17:Infinity":9,"b:17:41:17:53:17:53:17:Infinity":0,"s:18:8:18:Infinity":10,"s:19:8:19:Infinity":11}}},"/Users/ryanrentfro/code/aitool-photo-optimizer/packages/core/src/planning/planner.js":{"path":"/Users/ryanrentfro/code/aitool-photo-optimizer/packages/core/src/planning/planner.js","statementMap":{"0":{"start":{"line":2,"column":0},"end":{"line":2,"column":null}},"1":{"start":{"line":3,"column":0},"end":{"line":3,"column":null}},"2":{"start":{"line":4,"column":22},"end":{"line":4,"column":53}},"3":{"start":{"line":5,"column":15},"end":{"line":5,"column":41}},"4":{"start":{"line":7,"column":4},"end":{"line":9,"column":null}},"5":{"start":{"line":8,"column":8},"end":{"line":8,"column":null}},"6":{"start":{"line":10,"column":24},"end":{"line":10,"column":67}},"7":{"start":{"line":11,"column":17},"end":{"line":11,"column":19}},"8":{"start":{"line":16,"column":24},"end":{"line":16,"column":40}},"9":{"start":{"line":17,"column":25},"end":{"line":17,"column":42}},"10":{"start":{"line":19,"column":21},"end":{"line":19,"column":34}},"11":{"start":{"line":20,"column":4},"end":{"line":29,"column":null}},"12":{"start":{"line":21,"column":27},"end":{"line":21,"column":63}},"13":{"start":{"line":22,"column":8},"end":{"line":28,"column":null}},"14":{"start":{"line":23,"column":27},"end":{"line":23,"column":60}},"15":{"start":{"line":27,"column":12},"end":{"line":27,"column":null}},"16":{"start":{"line":31,"column":30},"end":{"line":33,"column":19}},"17":{"start":{"line":34,"column":4},"end":{"line":54,"column":null}},"18":{"start":{"line":36,"column":29},"end":{"line":36,"column":46}},"19":{"start":{"line":38,"column":8},"end":{"line":40,"column":null}},"20":{"start":{"line":39,"column":12},"end":{"line":39,"column":null}},"21":{"start":{"line":41,"column":8},"end":{"line":43,"column":null}},"22":{"start":{"line":42,"column":12},"end":{"line":42,"column":null}},"23":{"start":{"line":44,"column":28},"end":{"line":44,"column":73}},"24":{"start":{"line":45,"column":20},"end":{"line":52,"column":9}},"25":{"start":{"line":53,"column":8},"end":{"line":53,"column":null}},"26":{"start":{"line":55,"column":4},"end":{"line":59,"column":null}}},"fnMap":{"0":{"name":"createTransformPlan","decl":{"start":{"line":6,"column":9},"end":{"line":6,"column":28}},"loc":{"start":{"line":6,"column":86},"end":{"line":60,"column":null}},"line":6}},"branchMap":{"0":{"loc":{"start":{"line":6,"column":36},"end":{"line":6,"column":73}},"type":"default-arg","locations":[{"start":{"line":6,"column":45},"end":{"line":6,"column":73}}],"line":6},"1":{"loc":{"start":{"line":7,"column":4},"end":{"line":9,"column":null}},"type":"if","locations":[{"start":{"line":7,"column":4},"end":{"line":9,"column":null}},{"start":{},"end":{}}],"line":7},"2":{"loc":{"start":{"line":20,"column":4},"end":{"line":29,"column":null}},"type":"if","locations":[{"start":{"line":20,"column":4},"end":{"line":29,"column":null}},{"start":{},"end":{}}],"line":20},"3":{"loc":{"start":{"line":20,"column":8},"end":{"line":20,"column":86}},"type":"binary-expr","locations":[{"start":{"line":20,"column":8},"end":{"line":20,"column":28}},{"start":{"line":20,"column":32},"end":{"line":20,"column":46}},{"start":{"line":20,"column":50},"end":{"line":20,"column":86}}],"line":20},"4":{"loc":{"start":{"line":22,"column":8},"end":{"line":28,"column":null}},"type":"if","locations":[{"start":{"line":22,"column":8},"end":{"line":28,"column":null}},{"start":{},"end":{}}],"line":22},"5":{"loc":{"start":{"line":22,"column":12},"end":{"line":22,"column":70}},"type":"binary-expr","locations":[{"start":{"line":22,"column":12},"end":{"line":22,"column":33}},{"start":{"line":22,"column":37},"end":{"line":22,"column":70}}],"line":22},"6":{"loc":{"start":{"line":31,"column":30},"end":{"line":33,"column":19}},"type":"cond-expr","locations":[{"start":{"line":32,"column":10},"end":{"line":32,"column":null}},{"start":{"line":33,"column":10},"end":{"line":33,"column":19}}],"line":31},"7":{"loc":{"start":{"line":31,"column":30},"end":{"line":31,"column":null}},"type":"binary-expr","locations":[{"start":{"line":31,"column":30},"end":{"line":31,"column":50}},{"start":{"line":31,"column":54},"end":{"line":31,"column":null}}],"line":31},"8":{"loc":{"start":{"line":38,"column":8},"end":{"line":40,"column":null}},"type":"if","locations":[{"start":{"line":38,"column":8},"end":{"line":40,"column":null}},{"start":{},"end":{}}],"line":38},"9":{"loc":{"start":{"line":38,"column":12},"end":{"line":38,"column":48}},"type":"binary-expr","locations":[{"start":{"line":38,"column":12},"end":{"line":38,"column":29}},{"start":{"line":38,"column":33},"end":{"line":38,"column":48}}],"line":38},"10":{"loc":{"start":{"line":41,"column":8},"end":{"line":43,"column":null}},"type":"if","locations":[{"start":{"line":41,"column":8},"end":{"line":43,"column":null}},{"start":{},"end":{}}],"line":41},"11":{"loc":{"start":{"line":41,"column":12},"end":{"line":41,"column":48}},"type":"binary-expr","locations":[{"start":{"line":41,"column":12},"end":{"line":41,"column":29}},{"start":{"line":41,"column":33},"end":{"line":41,"column":48}}],"line":41},"12":{"loc":{"start":{"line":50,"column":68},"end":{"line":50,"column":84}},"type":"binary-expr","locations":[{"start":{"line":50,"column":68},"end":{"line":50,"column":79}},{"start":{"line":50,"column":83},"end":{"line":50,"column":84}}],"line":50},"13":{"loc":{"start":{"line":50,"column":86},"end":{"line":50,"column":103}},"type":"binary-expr","locations":[{"start":{"line":50,"column":86},"end":{"line":50,"column":98}},{"start":{"line":50,"column":102},"end":{"line":50,"column":103}}],"line":50}},"s":{"0":1,"1":1,"2":1,"3":1,"4":5,"5":1,"6":4,"7":4,"8":4,"9":5,"10":5,"11":5,"12":1,"13":1,"14":1,"15":1,"16":4,"17":5,"18":8,"19":8,"20":2,"21":8,"22":2,"23":8,"24":8,"25":8,"26":4},"f":{"0":5},"b":{"0":[5],"1":[1,4],"2":[1,4],"3":[5,1,1],"4":[1,0],"5":[1,1],"6":[0,4],"7":[4,1],"8":[2,6],"9":[8,4],"10":[2,6],"11":[8,4],"12":[8,6],"13":[8,6]},"meta":{"lastBranch":14,"lastFunction":1,"lastStatement":27,"seen":{"s:2:0:2:Infinity":0,"s:3:0:3:Infinity":1,"s:4:22:4:53":2,"s:5:15:5:41":3,"f:6:9:6:28":0,"b:6:45:6:73":0,"b:7:4:9:Infinity:undefined:undefined:undefined:undefined":1,"s:7:4:9:Infinity":4,"s:8:8:8:Infinity":5,"s:10:24:10:67":6,"s:11:17:11:19":7,"s:16:24:16:40":8,"s:17:25:17:42":9,"s:19:21:19:34":10,"b:20:4:29:Infinity:undefined:undefined:undefined:undefined":2,"s:20:4:29:Infinity":11,"b:20:8:20:28:20:32:20:46:20:50:20:86":3,"s:21:27:21:63":12,"b:22:8:28:Infinity:undefined:undefined:undefined:undefined":4,"s:22:8:28:Infinity":13,"b:22:12:22:33:22:37:22:70":5,"s:23:27:23:60":14,"s:27:12:27:Infinity":15,"s:31:30:33:19":16,"b:32:10:32:Infinity:33:10:33:19":6,"b:31:30:31:50:31:54:31:Infinity":7,"s:34:4:54:Infinity":17,"s:36:29:36:46":18,"b:38:8:40:Infinity:undefined:undefined:undefined:undefined":8,"s:38:8:40:Infinity":19,"b:38:12:38:29:38:33:38:48":9,"s:39:12:39:Infinity":20,"b:41:8:43:Infinity:undefined:undefined:undefined:undefined":10,"s:41:8:43:Infinity":21,"b:41:12:41:29:41:33:41:48":11,"s:42:12:42:Infinity":22,"s:44:28:44:73":23,"s:45:20:52:9":24,"b:50:68:50:79:50:83:50:84":12,"b:50:86:50:98:50:102:50:103":13,"s:53:8:53:Infinity":25,"s:55:4:59:Infinity":26}}},"/Users/ryanrentfro/code/aitool-photo-optimizer/packages/node/src/commands/build.ts":{"path":"/Users/ryanrentfro/code/aitool-photo-optimizer/packages/node/src/commands/build.ts","statementMap":{"0":{"start":{"line":22,"column":23},"end":{"line":22,"column":null}},"1":{"start":{"line":23,"column":4},"end":{"line":35,"column":null}},"2":{"start":{"line":24,"column":8},"end":{"line":34,"column":null}},"3":{"start":{"line":25,"column":31},"end":{"line":25,"column":null}},"4":{"start":{"line":27,"column":18},"end":{"line":27,"column":null}},"5":{"start":{"line":28,"column":12},"end":{"line":28,"column":null}},"6":{"start":{"line":30,"column":28},"end":{"line":30,"column":null}},"7":{"start":{"line":31,"column":12},"end":{"line":31,"column":null}},"8":{"start":{"line":33,"column":12},"end":{"line":33,"column":null}},"9":{"start":{"line":36,"column":4},"end":{"line":36,"column":null}},"10":{"start":{"line":39,"column":27},"end":{"line":163,"column":null}},"11":{"start":{"line":40,"column":16},"end":{"line":40,"column":null}},"12":{"start":{"line":41,"column":4},"end":{"line":41,"column":null}},"13":{"start":{"line":41,"column":23},"end":{"line":41,"column":null}},"14":{"start":{"line":42,"column":19},"end":{"line":42,"column":null}},"15":{"start":{"line":43,"column":19},"end":{"line":43,"column":null}},"16":{"start":{"line":44,"column":23},"end":{"line":44,"column":null}},"17":{"start":{"line":45,"column":25},"end":{"line":45,"column":null}},"18":{"start":{"line":46,"column":22},"end":{"line":46,"column":null}},"19":{"start":{"line":47,"column":18},"end":{"line":47,"column":null}},"20":{"start":{"line":49,"column":4},"end":{"line":52,"column":null}},"21":{"start":{"line":50,"column":8},"end":{"line":50,"column":null}},"22":{"start":{"line":50,"column":27},"end":{"line":50,"column":null}},"23":{"start":{"line":51,"column":8},"end":{"line":51,"column":null}},"24":{"start":{"line":54,"column":4},"end":{"line":54,"column":null}},"25":{"start":{"line":54,"column":23},"end":{"line":54,"column":null}},"26":{"start":{"line":55,"column":18},"end":{"line":55,"column":null}},"27":{"start":{"line":56,"column":4},"end":{"line":56,"column":null}},"28":{"start":{"line":56,"column":23},"end":{"line":56,"column":null}},"29":{"start":{"line":58,"column":4},"end":{"line":58,"column":null}},"30":{"start":{"line":58,"column":28},"end":{"line":58,"column":null}},"31":{"start":{"line":60,"column":4},"end":{"line":60,"column":null}},"32":{"start":{"line":62,"column":10},"end":{"line":62,"column":null}},"33":{"start":{"line":63,"column":20},"end":{"line":63,"column":null}},"34":{"start":{"line":64,"column":26},"end":{"line":64,"column":null}},"35":{"start":{"line":66,"column":18},"end":{"line":139,"column":null}},"36":{"start":{"line":67,"column":8},"end":{"line":138,"column":null}},"37":{"start":{"line":71,"column":16},"end":{"line":136,"column":null}},"38":{"start":{"line":72,"column":37},"end":{"line":72,"column":null}},"39":{"start":{"line":73,"column":35},"end":{"line":73,"column":null}},"40":{"start":{"line":74,"column":33},"end":{"line":74,"column":null}},"41":{"start":{"line":76,"column":66},"end":{"line":83,"column":null}},"42":{"start":{"line":84,"column":20},"end":{"line":84,"column":null}},"43":{"start":{"line":85,"column":20},"end":{"line":85,"column":null}},"44":{"start":{"line":87,"column":20},"end":{"line":89,"column":null}},"45":{"start":{"line":88,"column":24},"end":{"line":88,"column":null}},"46":{"start":{"line":91,"column":26},"end":{"line":91,"column":null}},"47":{"start":{"line":93,"column":46},"end":{"line":98,"column":null}},"48":{"start":{"line":100,"column":43},"end":{"line":126,"column":null}},"49":{"start":{"line":101,"column":39},"end":{"line":101,"column":null}},"50":{"start":{"line":102,"column":43},"end":{"line":102,"column":null}},"51":{"start":{"line":104,"column":24},"end":{"line":104,"column":null}},"52":{"start":{"line":105,"column":24},"end":{"line":105,"column":null}},"53":{"start":{"line":107,"column":38},"end":{"line":107,"column":null}},"54":{"start":{"line":108,"column":24},"end":{"line":108,"column":null}},"55":{"start":{"line":108,"column":39},"end":{"line":108,"column":null}},"56":{"start":{"line":110,"column":24},"end":{"line":116,"column":null}},"57":{"start":{"line":111,"column":44},"end":{"line":111,"column":null}},"58":{"start":{"line":112,"column":28},"end":{"line":114,"column":null}},"59":{"start":{"line":113,"column":32},"end":{"line":113,"column":null}},"60":{"start":{"line":115,"column":28},"end":{"line":115,"column":null}},"61":{"start":{"line":118,"column":24},"end":{"line":125,"column":null}},"62":{"start":{"line":128,"column":20},"end":{"line":128,"column":null}},"63":{"start":{"line":129,"column":20},"end":{"line":129,"column":null}},"64":{"start":{"line":130,"column":20},"end":{"line":130,"column":null}},"65":{"start":{"line":131,"column":20},"end":{"line":131,"column":null}},"66":{"start":{"line":131,"column":39},"end":{"line":131,"column":null}},"67":{"start":{"line":133,"column":20},"end":{"line":135,"column":null}},"68":{"start":{"line":134,"column":24},"end":{"line":134,"column":null}},"69":{"start":{"line":141,"column":4},"end":{"line":141,"column":null}},"70":{"start":{"line":143,"column":4},"end":{"line":145,"column":null}},"71":{"start":{"line":144,"column":9},"end":{"line":144,"column":null}},"72":{"start":{"line":147,"column":4},"end":{"line":147,"column":null}},"73":{"start":{"line":147,"column":23},"end":{"line":147,"column":null}},"74":{"start":{"line":149,"column":4},"end":{"line":149,"column":null}},"75":{"start":{"line":150,"column":4},"end":{"line":162,"column":null}},"76":{"start":{"line":151,"column":8},"end":{"line":151,"column":null}},"77":{"start":{"line":152,"column":8},"end":{"line":152,"column":null}},"78":{"start":{"line":154,"column":8},"end":{"line":161,"column":null}}},"fnMap":{"0":{"name":"loadConfig","decl":{"start":{"line":21,"column":22},"end":{"line":21,"column":33}},"loc":{"start":{"line":21,"column":72},"end":{"line":37,"column":null}},"line":21},"1":{"name":"(anonymous_1)","decl":{"start":{"line":39,"column":27},"end":{"line":39,"column":34}},"loc":{"start":{"line":39,"column":130},"end":{"line":163,"column":null}},"line":39},"2":{"name":"(anonymous_2)","decl":{"start":{"line":66,"column":28},"end":{"line":66,"column":35}},"loc":{"start":{"line":66,"column":44},"end":{"line":139,"column":5}},"line":66},"3":{"name":"(anonymous_3)","decl":{"start":{"line":70,"column":21},"end":{"line":70,"column":33}},"loc":{"start":{"line":70,"column":33},"end":{"line":137,"column":null}},"line":70},"4":{"name":"(anonymous_4)","decl":{"start":{"line":100,"column":60},"end":{"line":100,"column":67}},"loc":{"start":{"line":100,"column":98},"end":{"line":126,"column":21}},"line":100}},"branchMap":{"0":{"loc":{"start":{"line":23,"column":4},"end":{"line":35,"column":null}},"type":"if","locations":[{"start":{"line":23,"column":4},"end":{"line":35,"column":null}},{"start":{},"end":{}}],"line":23},"1":{"loc":{"start":{"line":30,"column":28},"end":{"line":30,"column":null}},"type":"cond-expr","locations":[{"start":{"line":30,"column":49},"end":{"line":30,"column":61}},{"start":{"line":30,"column":61},"end":{"line":30,"column":null}}],"line":30},"2":{"loc":{"start":{"line":41,"column":4},"end":{"line":41,"column":null}},"type":"if","locations":[{"start":{"line":41,"column":4},"end":{"line":41,"column":null}},{"start":{},"end":{}}],"line":41},"3":{"loc":{"start":{"line":49,"column":4},"end":{"line":52,"column":null}},"type":"if","locations":[{"start":{"line":49,"column":4},"end":{"line":52,"column":null}},{"start":{},"end":{}}],"line":49},"4":{"loc":{"start":{"line":50,"column":8},"end":{"line":50,"column":null}},"type":"if","locations":[{"start":{"line":50,"column":8},"end":{"line":50,"column":null}},{"start":{},"end":{}}],"line":50},"5":{"loc":{"start":{"line":54,"column":4},"end":{"line":54,"column":null}},"type":"if","locations":[{"start":{"line":54,"column":4},"end":{"line":54,"column":null}},{"start":{},"end":{}}],"line":54},"6":{"loc":{"start":{"line":56,"column":4},"end":{"line":56,"column":null}},"type":"if","locations":[{"start":{"line":56,"column":4},"end":{"line":56,"column":null}},{"start":{},"end":{}}],"line":56},"7":{"loc":{"start":{"line":58,"column":4},"end":{"line":58,"column":null}},"type":"if","locations":[{"start":{"line":58,"column":4},"end":{"line":58,"column":null}},{"start":{},"end":{}}],"line":58},"8":{"loc":{"start":{"line":87,"column":20},"end":{"line":89,"column":null}},"type":"if","locations":[{"start":{"line":87,"column":20},"end":{"line":89,"column":null}},{"start":{},"end":{}}],"line":87},"9":{"loc":{"start":{"line":87,"column":24},"end":{"line":87,"column":58}},"type":"binary-expr","locations":[{"start":{"line":87,"column":24},"end":{"line":87,"column":43}},{"start":{"line":87,"column":43},"end":{"line":87,"column":58}}],"line":87},"10":{"loc":{"start":{"line":108,"column":24},"end":{"line":108,"column":null}},"type":"if","locations":[{"start":{"line":108,"column":24},"end":{"line":108,"column":null}},{"start":{},"end":{}}],"line":108},"11":{"loc":{"start":{"line":110,"column":24},"end":{"line":116,"column":null}},"type":"if","locations":[{"start":{"line":110,"column":24},"end":{"line":116,"column":null}},{"start":{},"end":{}}],"line":110},"12":{"loc":{"start":{"line":110,"column":28},"end":{"line":110,"column":62}},"type":"binary-expr","locations":[{"start":{"line":110,"column":28},"end":{"line":110,"column":47}},{"start":{"line":110,"column":47},"end":{"line":110,"column":62}}],"line":110},"13":{"loc":{"start":{"line":112,"column":28},"end":{"line":114,"column":null}},"type":"if","locations":[{"start":{"line":112,"column":28},"end":{"line":114,"column":null}},{"start":{},"end":{}}],"line":112},"14":{"loc":{"start":{"line":113,"column":55},"end":{"line":113,"column":95}},"type":"binary-expr","locations":[{"start":{"line":113,"column":55},"end":{"line":113,"column":90}},{"start":{"line":113,"column":90},"end":{"line":113,"column":95}}],"line":113},"15":{"loc":{"start":{"line":120,"column":35},"end":{"line":120,"column":null}},"type":"binary-expr","locations":[{"start":{"line":120,"column":35},"end":{"line":120,"column":57}},{"start":{"line":120,"column":57},"end":{"line":120,"column":null}}],"line":120},"16":{"loc":{"start":{"line":121,"column":36},"end":{"line":121,"column":null}},"type":"binary-expr","locations":[{"start":{"line":121,"column":36},"end":{"line":121,"column":59}},{"start":{"line":121,"column":59},"end":{"line":121,"column":null}}],"line":121},"17":{"loc":{"start":{"line":131,"column":20},"end":{"line":131,"column":null}},"type":"if","locations":[{"start":{"line":131,"column":20},"end":{"line":131,"column":null}},{"start":{},"end":{}}],"line":131},"18":{"loc":{"start":{"line":133,"column":20},"end":{"line":135,"column":null}},"type":"if","locations":[{"start":{"line":133,"column":20},"end":{"line":135,"column":null}},{"start":{},"end":{}}],"line":133},"19":{"loc":{"start":{"line":143,"column":4},"end":{"line":145,"column":null}},"type":"if","locations":[{"start":{"line":143,"column":4},"end":{"line":145,"column":null}},{"start":{},"end":{}}],"line":143},"20":{"loc":{"start":{"line":147,"column":4},"end":{"line":147,"column":null}},"type":"if","locations":[{"start":{"line":147,"column":4},"end":{"line":147,"column":null}},{"start":{},"end":{}}],"line":147},"21":{"loc":{"start":{"line":150,"column":4},"end":{"line":162,"column":null}},"type":"if","locations":[{"start":{"line":150,"column":4},"end":{"line":162,"column":null}},{"start":{"line":153,"column":11},"end":{"line":162,"column":null}}],"line":150}},"s":{"0":4,"1":4,"2":1,"3":1,"4":1,"5":1,"6":0,"7":0,"8":0,"9":3,"10":1,"11":2,"12":2,"13":2,"14":2,"15":2,"16":2,"17":2,"18":2,"19":2,"20":2,"21":1,"22":1,"23":1,"24":2,"25":2,"26":2,"27":2,"28":2,"29":2,"30":1,"31":1,"32":1,"33":1,"34":1,"35":1,"36":1,"37":1,"38":1,"39":1,"40":1,"41":1,"42":1,"43":1,"44":1,"45":1,"46":1,"47":1,"48":1,"49":1,"50":1,"51":1,"52":1,"53":1,"54":1,"55":0,"56":1,"57":1,"58":1,"59":1,"60":1,"61":1,"62":1,"63":1,"64":1,"65":1,"66":1,"67":0,"68":0,"69":1,"70":1,"71":1,"72":1,"73":1,"74":1,"75":1,"76":1,"77":1,"78":0},"f":{"0":4,"1":2,"2":1,"3":1,"4":1},"b":{"0":[1,3],"1":[0,0],"2":[2,0],"3":[1,1],"4":[1,0],"5":[2,0],"6":[2,0],"7":[1,1],"8":[1,0],"9":[1,1],"10":[0,1],"11":[1,0],"12":[1,1],"13":[1,0],"14":[1,0],"15":[1,0],"16":[1,0],"17":[1,0],"18":[0,0],"19":[1,0],"20":[1,0],"21":[1,0]},"meta":{"lastBranch":22,"lastFunction":5,"lastStatement":79,"seen":{"f:21:22:21:33":0,"s:22:23:22:Infinity":0,"b:23:4:35:Infinity:undefined:undefined:undefined:undefined":0,"s:23:4:35:Infinity":1,"s:24:8:34:Infinity":2,"s:25:31:25:Infinity":3,"s:27:18:27:Infinity":4,"s:28:12:28:Infinity":5,"s:30:28:30:Infinity":6,"b:30:49:30:61:30:61:30:Infinity":1,"s:31:12:31:Infinity":7,"s:33:12:33:Infinity":8,"s:36:4:36:Infinity":9,"s:39:27:163:Infinity":10,"f:39:27:39:34":1,"s:40:16:40:Infinity":11,"b:41:4:41:Infinity:undefined:undefined:undefined:undefined":2,"s:41:4:41:Infinity":12,"s:41:23:41:Infinity":13,"s:42:19:42:Infinity":14,"s:43:19:43:Infinity":15,"s:44:23:44:Infinity":16,"s:45:25:45:Infinity":17,"s:46:22:46:Infinity":18,"s:47:18:47:Infinity":19,"b:49:4:52:Infinity:undefined:undefined:undefined:undefined":3,"s:49:4:52:Infinity":20,"b:50:8:50:Infinity:undefined:undefined:undefined:undefined":4,"s:50:8:50:Infinity":21,"s:50:27:50:Infinity":22,"s:51:8:51:Infinity":23,"b:54:4:54:Infinity:undefined:undefined:undefined:undefined":5,"s:54:4:54:Infinity":24,"s:54:23:54:Infinity":25,"s:55:18:55:Infinity":26,"b:56:4:56:Infinity:undefined:undefined:undefined:undefined":6,"s:56:4:56:Infinity":27,"s:56:23:56:Infinity":28,"b:58:4:58:Infinity:undefined:undefined:undefined:undefined":7,"s:58:4:58:Infinity":29,"s:58:28:58:Infinity":30,"s:60:4:60:Infinity":31,"s:62:10:62:Infinity":32,"s:63:20:63:Infinity":33,"s:64:26:64:Infinity":34,"s:66:18:139:Infinity":35,"f:66:28:66:35":2,"s:67:8:138:Infinity":36,"f:70:21:70:33":3,"s:71:16:136:Infinity":37,"s:72:37:72:Infinity":38,"s:73:35:73:Infinity":39,"s:74:33:74:Infinity":40,"s:76:66:83:Infinity":41,"s:84:20:84:Infinity":42,"s:85:20:85:Infinity":43,"b:87:20:89:Infinity:undefined:undefined:undefined:undefined":8,"s:87:20:89:Infinity":44,"b:87:24:87:43:87:43:87:58":9,"s:88:24:88:Infinity":45,"s:91:26:91:Infinity":46,"s:93:46:98:Infinity":47,"s:100:43:126:Infinity":48,"f:100:60:100:67":4,"s:101:39:101:Infinity":49,"s:102:43:102:Infinity":50,"s:104:24:104:Infinity":51,"s:105:24:105:Infinity":52,"s:107:38:107:Infinity":53,"b:108:24:108:Infinity:undefined:undefined:undefined:undefined":10,"s:108:24:108:Infinity":54,"s:108:39:108:Infinity":55,"b:110:24:116:Infinity:undefined:undefined:undefined:undefined":11,"s:110:24:116:Infinity":56,"b:110:28:110:47:110:47:110:62":12,"s:111:44:111:Infinity":57,"b:112:28:114:Infinity:undefined:undefined:undefined:undefined":13,"s:112:28:114:Infinity":58,"s:113:32:113:Infinity":59,"b:113:55:113:90:113:90:113:95":14,"s:115:28:115:Infinity":60,"s:118:24:125:Infinity":61,"b:120:35:120:57:120:57:120:Infinity":15,"b:121:36:121:59:121:59:121:Infinity":16,"s:128:20:128:Infinity":62,"s:129:20:129:Infinity":63,"s:130:20:130:Infinity":64,"b:131:20:131:Infinity:undefined:undefined:undefined:undefined":17,"s:131:20:131:Infinity":65,"s:131:39:131:Infinity":66,"b:133:20:135:Infinity:undefined:undefined:undefined:undefined":18,"s:133:20:135:Infinity":67,"s:134:24:134:Infinity":68,"s:141:4:141:Infinity":69,"b:143:4:145:Infinity:undefined:undefined:undefined:undefined":19,"s:143:4:145:Infinity":70,"s:144:9:144:Infinity":71,"b:147:4:147:Infinity:undefined:undefined:undefined:undefined":20,"s:147:4:147:Infinity":72,"s:147:23:147:Infinity":73,"s:149:4:149:Infinity":74,"b:150:4:162:Infinity:153:11:162:Infinity":21,"s:150:4:162:Infinity":75,"s:151:8:151:Infinity":76,"s:152:8:152:Infinity":77,"s:154:8:161:Infinity":78}}},"/Users/ryanrentfro/code/aitool-photo-optimizer/packages/node/src/storage/fs-adapter.ts":{"path":"/Users/ryanrentfro/code/aitool-photo-optimizer/packages/node/src/storage/fs-adapter.ts","statementMap":{"0":{"start":{"line":6,"column":24},"end":{"line":6,"column":43}},"1":{"start":{"line":9,"column":25},"end":{"line":9,"column":null}},"2":{"start":{"line":10,"column":8},"end":{"line":10,"column":null}},"3":{"start":{"line":14,"column":25},"end":{"line":14,"column":null}},"4":{"start":{"line":15,"column":8},"end":{"line":15,"column":null}},"5":{"start":{"line":16,"column":8},"end":{"line":16,"column":null}},"6":{"start":{"line":20,"column":25},"end":{"line":20,"column":null}},"7":{"start":{"line":21,"column":8},"end":{"line":21,"column":null}},"8":{"start":{"line":25,"column":25},"end":{"line":25,"column":null}},"9":{"start":{"line":26,"column":8},"end":{"line":26,"column":null}}},"fnMap":{"0":{"name":"(anonymous_0)","decl":{"start":{"line":6,"column":4},"end":{"line":6,"column":24}},"loc":{"start":{"line":6,"column":48},"end":{"line":6,"column":null}},"line":6},"1":{"name":"(anonymous_1)","decl":{"start":{"line":8,"column":10},"end":{"line":8,"column":15}},"loc":{"start":{"line":8,"column":50},"end":{"line":11,"column":null}},"line":8},"2":{"name":"(anonymous_2)","decl":{"start":{"line":13,"column":10},"end":{"line":13,"column":16}},"loc":{"start":{"line":13,"column":63},"end":{"line":17,"column":null}},"line":13},"3":{"name":"(anonymous_3)","decl":{"start":{"line":19,"column":10},"end":{"line":19,"column":17}},"loc":{"start":{"line":19,"column":53},"end":{"line":22,"column":null}},"line":19},"4":{"name":"(anonymous_4)","decl":{"start":{"line":24,"column":10},"end":{"line":24,"column":17}},"loc":{"start":{"line":24,"column":50},"end":{"line":27,"column":null}},"line":24}},"branchMap":{"0":{"loc":{"start":{"line":6,"column":24},"end":{"line":6,"column":48}},"type":"default-arg","locations":[{"start":{"line":6,"column":43},"end":{"line":6,"column":48}}],"line":6}},"s":{"0":4,"1":1,"2":1,"3":1,"4":1,"5":1,"6":1,"7":1,"8":1,"9":1},"f":{"0":4,"1":1,"2":1,"3":1,"4":1},"b":{"0":[4]},"meta":{"lastBranch":1,"lastFunction":5,"lastStatement":10,"seen":{"f:6:4:6:24":0,"b:6:43:6:48":0,"s:6:24:6:43":0,"f:8:10:8:15":1,"s:9:25:9:Infinity":1,"s:10:8:10:Infinity":2,"f:13:10:13:16":2,"s:14:25:14:Infinity":3,"s:15:8:15:Infinity":4,"s:16:8:16:Infinity":5,"f:19:10:19:17":3,"s:20:25:20:Infinity":6,"s:21:8:21:Infinity":7,"f:24:10:24:17":4,"s:25:25:25:Infinity":8,"s:26:8:26:Infinity":9}}},"/Users/ryanrentfro/code/aitool-photo-optimizer/packages/node/src/source-updater.ts":{"path":"/Users/ryanrentfro/code/aitool-photo-optimizer/packages/node/src/source-updater.ts","statementMap":{"0":{"start":{"line":8,"column":40},"end":{"line":8,"column":null}},"1":{"start":{"line":13,"column":8},"end":{"line":13,"column":null}},"2":{"start":{"line":14,"column":8},"end":{"line":14,"column":null}},"3":{"start":{"line":18,"column":8},"end":{"line":20,"column":null}},"4":{"start":{"line":19,"column":12},"end":{"line":19,"column":null}},"5":{"start":{"line":21,"column":8},"end":{"line":21,"column":null}},"6":{"start":{"line":25,"column":8},"end":{"line":27,"column":null}},"7":{"start":{"line":26,"column":12},"end":{"line":26,"column":null}},"8":{"start":{"line":29,"column":22},"end":{"line":29,"column":null}},"9":{"start":{"line":30,"column":8},"end":{"line":30,"column":null}},"10":{"start":{"line":32,"column":8},"end":{"line":34,"column":null}},"11":{"start":{"line":33,"column":12},"end":{"line":33,"column":null}},"12":{"start":{"line":38,"column":22},"end":{"line":38,"column":null}},"13":{"start":{"line":39,"column":23},"end":{"line":39,"column":null}},"14":{"start":{"line":41,"column":8},"end":{"line":41,"column":null}},"15":{"start":{"line":41,"column":28},"end":{"line":41,"column":null}},"16":{"start":{"line":44,"column":8},"end":{"line":60,"column":null}},"17":{"start":{"line":47,"column":38},"end":{"line":47,"column":null}},"18":{"start":{"line":48,"column":12},"end":{"line":51,"column":null}},"19":{"start":{"line":49,"column":16},"end":{"line":49,"column":null}},"20":{"start":{"line":50,"column":16},"end":{"line":50,"column":null}},"21":{"start":{"line":55,"column":44},"end":{"line":55,"column":null}},"22":{"start":{"line":56,"column":12},"end":{"line":59,"column":null}},"23":{"start":{"line":57,"column":16},"end":{"line":57,"column":null}},"24":{"start":{"line":58,"column":16},"end":{"line":58,"column":null}},"25":{"start":{"line":62,"column":8},"end":{"line":67,"column":null}},"26":{"start":{"line":63,"column":12},"end":{"line":63,"column":null}},"27":{"start":{"line":64,"column":12},"end":{"line":66,"column":null}},"28":{"start":{"line":65,"column":16},"end":{"line":65,"column":null}},"29":{"start":{"line":74,"column":25},"end":{"line":74,"column":null}},"30":{"start":{"line":79,"column":25},"end":{"line":79,"column":null}},"31":{"start":{"line":81,"column":8},"end":{"line":119,"column":null}},"32":{"start":{"line":87,"column":34},"end":{"line":87,"column":null}},"33":{"start":{"line":87,"column":63},"end":{"line":87,"column":80}},"34":{"start":{"line":90,"column":32},"end":{"line":90,"column":null}},"35":{"start":{"line":90,"column":60},"end":{"line":90,"column":79}},"36":{"start":{"line":91,"column":32},"end":{"line":91,"column":null}},"37":{"start":{"line":91,"column":60},"end":{"line":91,"column":101}},"38":{"start":{"line":99,"column":32},"end":{"line":99,"column":null}},"39":{"start":{"line":99,"column":55},"end":{"line":99,"column":78}},"40":{"start":{"line":101,"column":29},"end":{"line":101,"column":null}},"41":{"start":{"line":102,"column":33},"end":{"line":102,"column":null}},"42":{"start":{"line":104,"column":12},"end":{"line":111,"column":null}},"43":{"start":{"line":108,"column":16},"end":{"line":110,"column":null}},"44":{"start":{"line":109,"column":20},"end":{"line":109,"column":null}},"45":{"start":{"line":113,"column":12},"end":{"line":116,"column":null}},"46":{"start":{"line":115,"column":16},"end":{"line":115,"column":null}},"47":{"start":{"line":118,"column":12},"end":{"line":118,"column":null}},"48":{"start":{"line":123,"column":25},"end":{"line":123,"column":null}},"49":{"start":{"line":125,"column":27},"end":{"line":125,"column":null}},"50":{"start":{"line":126,"column":8},"end":{"line":126,"column":null}},"51":{"start":{"line":126,"column":25},"end":{"line":126,"column":null}},"52":{"start":{"line":128,"column":30},"end":{"line":128,"column":null}},"53":{"start":{"line":134,"column":22},"end":{"line":134,"column":null}},"54":{"start":{"line":136,"column":8},"end":{"line":140,"column":null}},"55":{"start":{"line":139,"column":12},"end":{"line":139,"column":null}},"56":{"start":{"line":144,"column":8},"end":{"line":144,"column":null}}},"fnMap":{"0":{"name":"(anonymous_0)","decl":{"start":{"line":12,"column":4},"end":{"line":12,"column":16}},"loc":{"start":{"line":12,"column":63},"end":{"line":15,"column":null}},"line":12},"1":{"name":"(anonymous_1)","decl":{"start":{"line":17,"column":10},"end":{"line":17,"column":40}},"loc":{"start":{"line":17,"column":40},"end":{"line":22,"column":null}},"line":17},"2":{"name":"(anonymous_2)","decl":{"start":{"line":24,"column":10},"end":{"line":24,"column":25}},"loc":{"start":{"line":24,"column":83},"end":{"line":35,"column":null}},"line":24},"3":{"name":"(anonymous_3)","decl":{"start":{"line":37,"column":10},"end":{"line":37,"column":22}},"loc":{"start":{"line":37,"column":55},"end":{"line":68,"column":null}},"line":37},"4":{"name":"(anonymous_4)","decl":{"start":{"line":70,"column":12},"end":{"line":70,"column":24}},"loc":{"start":{"line":70,"column":71},"end":{"line":120,"column":null}},"line":70},"5":{"name":"(anonymous_5)","decl":{"start":{"line":81,"column":41},"end":{"line":81,"column":42}},"loc":{"start":{"line":81,"column":78},"end":{"line":119,"column":9}},"line":81},"6":{"name":"(anonymous_6)","decl":{"start":{"line":87,"column":53},"end":{"line":87,"column":54}},"loc":{"start":{"line":87,"column":63},"end":{"line":87,"column":80}},"line":87},"7":{"name":"(anonymous_7)","decl":{"start":{"line":90,"column":53},"end":{"line":90,"column":54}},"loc":{"start":{"line":90,"column":60},"end":{"line":90,"column":79}},"line":90},"8":{"name":"(anonymous_8)","decl":{"start":{"line":91,"column":53},"end":{"line":91,"column":54}},"loc":{"start":{"line":91,"column":60},"end":{"line":91,"column":101}},"line":91},"9":{"name":"(anonymous_9)","decl":{"start":{"line":99,"column":48},"end":{"line":99,"column":49}},"loc":{"start":{"line":99,"column":55},"end":{"line":99,"column":78}},"line":99},"10":{"name":"(anonymous_10)","decl":{"start":{"line":122,"column":12},"end":{"line":122,"column":30}},"loc":{"start":{"line":122,"column":77},"end":{"line":141,"column":null}},"line":122},"11":{"name":"(anonymous_11)","decl":{"start":{"line":136,"column":38},"end":{"line":136,"column":39}},"loc":{"start":{"line":136,"column":79},"end":{"line":140,"column":9}},"line":136},"12":{"name":"(anonymous_12)","decl":{"start":{"line":143,"column":12},"end":{"line":143,"column":25}},"loc":{"start":{"line":143,"column":49},"end":{"line":145,"column":null}},"line":143}},"branchMap":{"0":{"loc":{"start":{"line":12,"column":38},"end":{"line":12,"column":63}},"type":"default-arg","locations":[{"start":{"line":12,"column":56},"end":{"line":12,"column":63}}],"line":12},"1":{"loc":{"start":{"line":18,"column":8},"end":{"line":20,"column":null}},"type":"if","locations":[{"start":{"line":18,"column":8},"end":{"line":20,"column":null}},{"start":{},"end":{}}],"line":18},"2":{"loc":{"start":{"line":24,"column":39},"end":{"line":24,"column":83}},"type":"default-arg","locations":[{"start":{"line":24,"column":53},"end":{"line":24,"column":83}}],"line":24},"3":{"loc":{"start":{"line":25,"column":8},"end":{"line":27,"column":null}},"type":"if","locations":[{"start":{"line":25,"column":8},"end":{"line":27,"column":null}},{"start":{},"end":{}}],"line":25},"4":{"loc":{"start":{"line":41,"column":8},"end":{"line":41,"column":null}},"type":"if","locations":[{"start":{"line":41,"column":8},"end":{"line":41,"column":null}},{"start":{},"end":{}}],"line":41},"5":{"loc":{"start":{"line":48,"column":12},"end":{"line":51,"column":null}},"type":"if","locations":[{"start":{"line":48,"column":12},"end":{"line":51,"column":null}},{"start":{},"end":{}}],"line":48},"6":{"loc":{"start":{"line":56,"column":12},"end":{"line":59,"column":null}},"type":"if","locations":[{"start":{"line":56,"column":12},"end":{"line":59,"column":null}},{"start":{},"end":{}}],"line":56},"7":{"loc":{"start":{"line":62,"column":8},"end":{"line":67,"column":null}},"type":"if","locations":[{"start":{"line":62,"column":8},"end":{"line":67,"column":null}},{"start":{},"end":{}}],"line":62},"8":{"loc":{"start":{"line":64,"column":12},"end":{"line":66,"column":null}},"type":"if","locations":[{"start":{"line":64,"column":12},"end":{"line":66,"column":null}},{"start":{},"end":{}}],"line":64},"9":{"loc":{"start":{"line":91,"column":60},"end":{"line":91,"column":101}},"type":"binary-expr","locations":[{"start":{"line":91,"column":60},"end":{"line":91,"column":83}},{"start":{"line":91,"column":83},"end":{"line":91,"column":101}}],"line":91},"10":{"loc":{"start":{"line":101,"column":29},"end":{"line":101,"column":null}},"type":"cond-expr","locations":[{"start":{"line":101,"column":54},"end":{"line":101,"column":92}},{"start":{"line":101,"column":92},"end":{"line":101,"column":null}}],"line":101},"11":{"loc":{"start":{"line":102,"column":33},"end":{"line":102,"column":null}},"type":"cond-expr","locations":[{"start":{"line":102,"column":44},"end":{"line":102,"column":60}},{"start":{"line":102,"column":60},"end":{"line":102,"column":null}}],"line":102},"12":{"loc":{"start":{"line":104,"column":12},"end":{"line":111,"column":null}},"type":"if","locations":[{"start":{"line":104,"column":12},"end":{"line":111,"column":null}},{"start":{},"end":{}}],"line":104},"13":{"loc":{"start":{"line":108,"column":16},"end":{"line":110,"column":null}},"type":"if","locations":[{"start":{"line":108,"column":16},"end":{"line":110,"column":null}},{"start":{},"end":{}}],"line":108},"14":{"loc":{"start":{"line":108,"column":20},"end":{"line":108,"column":78}},"type":"binary-expr","locations":[{"start":{"line":108,"column":20},"end":{"line":108,"column":50}},{"start":{"line":108,"column":50},"end":{"line":108,"column":78}}],"line":108},"15":{"loc":{"start":{"line":113,"column":12},"end":{"line":116,"column":null}},"type":"if","locations":[{"start":{"line":113,"column":12},"end":{"line":116,"column":null}},{"start":{},"end":{}}],"line":113},"16":{"loc":{"start":{"line":126,"column":8},"end":{"line":126,"column":null}},"type":"if","locations":[{"start":{"line":126,"column":8},"end":{"line":126,"column":null}},{"start":{},"end":{}}],"line":126}},"s":{"0":4,"1":4,"2":4,"3":4,"4":0,"5":4,"6":3,"7":3,"8":3,"9":3,"10":3,"11":3,"12":3,"13":3,"14":3,"15":0,"16":3,"17":6,"18":6,"19":2,"20":2,"21":6,"22":6,"23":2,"24":2,"25":3,"26":3,"27":3,"28":2,"29":6,"30":6,"31":6,"32":2,"33":2,"34":2,"35":4,"36":2,"37":4,"38":2,"39":2,"40":2,"41":2,"42":2,"43":2,"44":2,"45":0,"46":0,"47":0,"48":6,"49":6,"50":6,"51":0,"52":6,"53":6,"54":6,"55":3,"56":12},"f":{"0":4,"1":4,"2":3,"3":3,"4":6,"5":2,"6":2,"7":4,"8":4,"9":2,"10":6,"11":3,"12":12},"b":{"0":[4],"1":[0,4],"2":[3],"3":[3,0],"4":[0,3],"5":[2,4],"6":[2,4],"7":[3,0],"8":[2,1],"9":[4,2],"10":[2,0],"11":[2,0],"12":[2,0],"13":[2,0],"14":[2,2],"15":[0,0],"16":[0,6]},"meta":{"lastBranch":17,"lastFunction":13,"lastStatement":57,"seen":{"s:8:40:8:Infinity":0,"f:12:4:12:16":0,"b:12:56:12:63":0,"s:13:8:13:Infinity":1,"s:14:8:14:Infinity":2,"f:17:10:17:40":1,"b:18:8:20:Infinity:undefined:undefined:undefined:undefined":1,"s:18:8:20:Infinity":3,"s:19:12:19:Infinity":4,"s:21:8:21:Infinity":5,"f:24:10:24:25":2,"b:24:53:24:83":2,"b:25:8:27:Infinity:undefined:undefined:undefined:undefined":3,"s:25:8:27:Infinity":6,"s:26:12:26:Infinity":7,"s:29:22:29:Infinity":8,"s:30:8:30:Infinity":9,"s:32:8:34:Infinity":10,"s:33:12:33:Infinity":11,"f:37:10:37:22":3,"s:38:22:38:Infinity":12,"s:39:23:39:Infinity":13,"b:41:8:41:Infinity:undefined:undefined:undefined:undefined":4,"s:41:8:41:Infinity":14,"s:41:28:41:Infinity":15,"s:44:8:60:Infinity":16,"s:47:38:47:Infinity":17,"b:48:12:51:Infinity:undefined:undefined:undefined:undefined":5,"s:48:12:51:Infinity":18,"s:49:16:49:Infinity":19,"s:50:16:50:Infinity":20,"s:55:44:55:Infinity":21,"b:56:12:59:Infinity:undefined:undefined:undefined:undefined":6,"s:56:12:59:Infinity":22,"s:57:16:57:Infinity":23,"s:58:16:58:Infinity":24,"b:62:8:67:Infinity:undefined:undefined:undefined:undefined":7,"s:62:8:67:Infinity":25,"s:63:12:63:Infinity":26,"b:64:12:66:Infinity:undefined:undefined:undefined:undefined":8,"s:64:12:66:Infinity":27,"s:65:16:65:Infinity":28,"f:70:12:70:24":4,"s:74:25:74:Infinity":29,"s:79:25:79:Infinity":30,"s:81:8:119:Infinity":31,"f:81:41:81:42":5,"s:87:34:87:Infinity":32,"f:87:53:87:54":6,"s:87:63:87:80":33,"s:90:32:90:Infinity":34,"f:90:53:90:54":7,"s:90:60:90:79":35,"s:91:32:91:Infinity":36,"f:91:53:91:54":8,"s:91:60:91:101":37,"b:91:60:91:83:91:83:91:101":9,"s:99:32:99:Infinity":38,"f:99:48:99:49":9,"s:99:55:99:78":39,"s:101:29:101:Infinity":40,"b:101:54:101:92:101:92:101:Infinity":10,"s:102:33:102:Infinity":41,"b:102:44:102:60:102:60:102:Infinity":11,"b:104:12:111:Infinity:undefined:undefined:undefined:undefined":12,"s:104:12:111:Infinity":42,"b:108:16:110:Infinity:undefined:undefined:undefined:undefined":13,"s:108:16:110:Infinity":43,"b:108:20:108:50:108:50:108:78":14,"s:109:20:109:Infinity":44,"b:113:12:116:Infinity:undefined:undefined:undefined:undefined":15,"s:113:12:116:Infinity":45,"s:115:16:115:Infinity":46,"s:118:12:118:Infinity":47,"f:122:12:122:30":10,"s:123:25:123:Infinity":48,"s:125:27:125:Infinity":49,"b:126:8:126:Infinity:undefined:undefined:undefined:undefined":16,"s:126:8:126:Infinity":50,"s:126:25:126:Infinity":51,"s:128:30:128:Infinity":52,"s:134:22:134:Infinity":53,"s:136:8:140:Infinity":54,"f:136:38:136:39":11,"s:139:12:139:Infinity":55,"f:143:12:143:25":12,"s:144:8:144:Infinity":56}}},"/Users/ryanrentfro/code/aitool-photo-optimizer/packages/node/src/worker-pool.ts":{"path":"/Users/ryanrentfro/code/aitool-photo-optimizer/packages/node/src/worker-pool.ts","statementMap":{"0":{"start":{"line":12,"column":32},"end":{"line":12,"column":null}},"1":{"start":{"line":13,"column":36},"end":{"line":13,"column":null}},"2":{"start":{"line":14,"column":34},"end":{"line":14,"column":null}},"3":{"start":{"line":17,"column":23},"end":{"line":17,"column":38}},"4":{"start":{"line":20,"column":20},"end":{"line":20,"column":null}},"5":{"start":{"line":21,"column":8},"end":{"line":21,"column":null}},"6":{"start":{"line":31,"column":8},"end":{"line":35,"column":null}},"7":{"start":{"line":32,"column":12},"end":{"line":34,"column":null}},"8":{"start":{"line":32,"column":25},"end":{"line":32,"column":28}},"9":{"start":{"line":33,"column":16},"end":{"line":33,"column":null}},"10":{"start":{"line":42,"column":23},"end":{"line":42,"column":null}},"11":{"start":{"line":47,"column":8},"end":{"line":47,"column":null}},"12":{"start":{"line":48,"column":8},"end":{"line":48,"column":null}},"13":{"start":{"line":53,"column":8},"end":{"line":56,"column":null}},"14":{"start":{"line":54,"column":37},"end":{"line":54,"column":null}},"15":{"start":{"line":55,"column":12},"end":{"line":55,"column":null}},"16":{"start":{"line":60,"column":8},"end":{"line":65,"column":null}},"17":{"start":{"line":61,"column":27},"end":{"line":61,"column":null}},"18":{"start":{"line":62,"column":12},"end":{"line":62,"column":null}},"19":{"start":{"line":64,"column":12},"end":{"line":64,"column":null}},"20":{"start":{"line":70,"column":26},"end":{"line":84,"column":null}},"21":{"start":{"line":71,"column":12},"end":{"line":71,"column":null}},"22":{"start":{"line":72,"column":12},"end":{"line":72,"column":null}},"23":{"start":{"line":74,"column":24},"end":{"line":74,"column":null}},"24":{"start":{"line":76,"column":12},"end":{"line":80,"column":null}},"25":{"start":{"line":77,"column":16},"end":{"line":77,"column":null}},"26":{"start":{"line":79,"column":16},"end":{"line":79,"column":null}},"27":{"start":{"line":82,"column":12},"end":{"line":82,"column":null}},"28":{"start":{"line":83,"column":12},"end":{"line":83,"column":null}},"29":{"start":{"line":86,"column":24},"end":{"line":94,"column":null}},"30":{"start":{"line":87,"column":12},"end":{"line":87,"column":null}},"31":{"start":{"line":88,"column":12},"end":{"line":88,"column":null}},"32":{"start":{"line":89,"column":12},"end":{"line":89,"column":null}},"33":{"start":{"line":92,"column":12},"end":{"line":92,"column":null}},"34":{"start":{"line":93,"column":12},"end":{"line":93,"column":null}},"35":{"start":{"line":96,"column":8},"end":{"line":96,"column":null}},"36":{"start":{"line":97,"column":8},"end":{"line":97,"column":null}},"37":{"start":{"line":100,"column":8},"end":{"line":102,"column":null}},"38":{"start":{"line":104,"column":8},"end":{"line":104,"column":null}},"39":{"start":{"line":108,"column":8},"end":{"line":112,"column":null}},"40":{"start":{"line":109,"column":25},"end":{"line":109,"column":null}},"41":{"start":{"line":110,"column":27},"end":{"line":110,"column":null}},"42":{"start":{"line":111,"column":12},"end":{"line":111,"column":null}},"43":{"start":{"line":116,"column":8},"end":{"line":118,"column":null}},"44":{"start":{"line":117,"column":12},"end":{"line":117,"column":null}},"45":{"start":{"line":119,"column":8},"end":{"line":119,"column":null}},"46":{"start":{"line":120,"column":8},"end":{"line":120,"column":null}},"47":{"start":{"line":125,"column":8},"end":{"line":127,"column":null}},"48":{"start":{"line":126,"column":12},"end":{"line":126,"column":null}}},"fnMap":{"0":{"name":"(anonymous_0)","decl":{"start":{"line":17,"column":4},"end":{"line":17,"column":23}},"loc":{"start":{"line":17,"column":56},"end":{"line":28,"column":null}},"line":17},"1":{"name":"(anonymous_1)","decl":{"start":{"line":30,"column":12},"end":{"line":30,"column":28}},"loc":{"start":{"line":30,"column":28},"end":{"line":36,"column":null}},"line":30},"2":{"name":"(anonymous_2)","decl":{"start":{"line":38,"column":12},"end":{"line":38,"column":27}},"loc":{"start":{"line":38,"column":27},"end":{"line":49,"column":null}},"line":38},"3":{"name":"(anonymous_3)","decl":{"start":{"line":51,"column":10},"end":{"line":51,"column":14}},"loc":{"start":{"line":51,"column":50},"end":{"line":57,"column":null}},"line":51},"4":{"name":"(anonymous_4)","decl":{"start":{"line":53,"column":27},"end":{"line":53,"column":28}},"loc":{"start":{"line":53,"column":48},"end":{"line":56,"column":9}},"line":53},"5":{"name":"(anonymous_5)","decl":{"start":{"line":59,"column":12},"end":{"line":59,"column":21}},"loc":{"start":{"line":59,"column":39},"end":{"line":66,"column":null}},"line":59},"6":{"name":"(anonymous_6)","decl":{"start":{"line":68,"column":12},"end":{"line":68,"column":20}},"loc":{"start":{"line":68,"column":54},"end":{"line":105,"column":null}},"line":68},"7":{"name":"(anonymous_7)","decl":{"start":{"line":70,"column":26},"end":{"line":70,"column":27}},"loc":{"start":{"line":70,"column":49},"end":{"line":84,"column":null}},"line":70},"8":{"name":"(anonymous_8)","decl":{"start":{"line":86,"column":24},"end":{"line":86,"column":25}},"loc":{"start":{"line":86,"column":40},"end":{"line":94,"column":null}},"line":86},"9":{"name":"(anonymous_9)","decl":{"start":{"line":107,"column":12},"end":{"line":107,"column":26}},"loc":{"start":{"line":107,"column":26},"end":{"line":113,"column":null}},"line":107},"10":{"name":"(anonymous_10)","decl":{"start":{"line":115,"column":11},"end":{"line":115,"column":19}},"loc":{"start":{"line":115,"column":19},"end":{"line":121,"column":null}},"line":115},"11":{"name":"(anonymous_11)","decl":{"start":{"line":124,"column":11},"end":{"line":124,"column":19}},"loc":{"start":{"line":124,"column":19},"end":{"line":128,"column":null}},"line":124}},"branchMap":{"0":{"loc":{"start":{"line":17,"column":23},"end":{"line":17,"column":56}},"type":"default-arg","locations":[{"start":{"line":17,"column":38},"end":{"line":17,"column":56}}],"line":17},"1":{"loc":{"start":{"line":20,"column":20},"end":{"line":20,"column":null}},"type":"cond-expr","locations":[{"start":{"line":20,"column":49},"end":{"line":20,"column":57}},{"start":{"line":20,"column":57},"end":{"line":20,"column":null}}],"line":20},"2":{"loc":{"start":{"line":31,"column":8},"end":{"line":35,"column":null}},"type":"if","locations":[{"start":{"line":31,"column":8},"end":{"line":35,"column":null}},{"start":{},"end":{}}],"line":31},"3":{"loc":{"start":{"line":60,"column":8},"end":{"line":65,"column":null}},"type":"if","locations":[{"start":{"line":60,"column":8},"end":{"line":65,"column":null}},{"start":{"line":63,"column":15},"end":{"line":65,"column":null}}],"line":60},"4":{"loc":{"start":{"line":76,"column":12},"end":{"line":80,"column":null}},"type":"if","locations":[{"start":{"line":76,"column":12},"end":{"line":80,"column":null}},{"start":{"line":78,"column":19},"end":{"line":80,"column":null}}],"line":76},"5":{"loc":{"start":{"line":100,"column":8},"end":{"line":102,"column":null}},"type":"if","locations":[{"start":{"line":100,"column":8},"end":{"line":102,"column":null}},{"start":{},"end":{}}],"line":100},"6":{"loc":{"start":{"line":108,"column":8},"end":{"line":112,"column":null}},"type":"if","locations":[{"start":{"line":108,"column":8},"end":{"line":112,"column":null}},{"start":{},"end":{}}],"line":108},"7":{"loc":{"start":{"line":108,"column":12},"end":{"line":108,"column":66}},"type":"binary-expr","locations":[{"start":{"line":108,"column":12},"end":{"line":108,"column":37}},{"start":{"line":108,"column":37},"end":{"line":108,"column":66}}],"line":108},"8":{"loc":{"start":{"line":125,"column":8},"end":{"line":127,"column":null}},"type":"if","locations":[{"start":{"line":125,"column":8},"end":{"line":127,"column":null}},{"start":{},"end":{}}],"line":125}},"s":{"0":3,"1":3,"2":3,"3":3,"4":3,"5":3,"6":3,"7":3,"8":3,"9":4,"10":4,"11":4,"12":4,"13":5,"14":5,"15":5,"16":5,"17":4,"18":4,"19":1,"20":5,"21":4,"22":4,"23":4,"24":4,"25":3,"26":1,"27":4,"28":4,"29":5,"30":1,"31":1,"32":1,"33":1,"34":1,"35":5,"36":5,"37":5,"38":5,"39":5,"40":1,"41":1,"42":1,"43":0,"44":0,"45":0,"46":0,"47":3,"48":3},"f":{"0":3,"1":3,"2":4,"3":5,"4":5,"5":5,"6":5,"7":4,"8":1,"9":5,"10":0,"11":3},"b":{"0":[3],"1":[3,0],"2":[3,0],"3":[4,1],"4":[3,1],"5":[0,5],"6":[1,4],"7":[5,1],"8":[3,0]},"meta":{"lastBranch":9,"lastFunction":12,"lastStatement":49,"seen":{"s:12:32:12:Infinity":0,"s:13:36:13:Infinity":1,"s:14:34:14:Infinity":2,"f:17:4:17:23":0,"b:17:38:17:56":0,"s:17:23:17:38":3,"s:20:20:20:Infinity":4,"b:20:49:20:57:20:57:20:Infinity":1,"s:21:8:21:Infinity":5,"f:30:12:30:28":1,"b:31:8:35:Infinity:undefined:undefined:undefined:undefined":2,"s:31:8:35:Infinity":6,"s:32:12:34:Infinity":7,"s:32:25:32:28":8,"s:33:16:33:Infinity":9,"f:38:12:38:27":2,"s:42:23:42:Infinity":10,"s:47:8:47:Infinity":11,"s:48:8:48:Infinity":12,"f:51:10:51:14":3,"s:53:8:56:Infinity":13,"f:53:27:53:28":4,"s:54:37:54:Infinity":14,"s:55:12:55:Infinity":15,"f:59:12:59:21":5,"b:60:8:65:Infinity:63:15:65:Infinity":3,"s:60:8:65:Infinity":16,"s:61:27:61:Infinity":17,"s:62:12:62:Infinity":18,"s:64:12:64:Infinity":19,"f:68:12:68:20":6,"s:70:26:84:Infinity":20,"f:70:26:70:27":7,"s:71:12:71:Infinity":21,"s:72:12:72:Infinity":22,"s:74:24:74:Infinity":23,"b:76:12:80:Infinity:78:19:80:Infinity":4,"s:76:12:80:Infinity":24,"s:77:16:77:Infinity":25,"s:79:16:79:Infinity":26,"s:82:12:82:Infinity":27,"s:83:12:83:Infinity":28,"s:86:24:94:Infinity":29,"f:86:24:86:25":8,"s:87:12:87:Infinity":30,"s:88:12:88:Infinity":31,"s:89:12:89:Infinity":32,"s:92:12:92:Infinity":33,"s:93:12:93:Infinity":34,"s:96:8:96:Infinity":35,"s:97:8:97:Infinity":36,"b:100:8:102:Infinity:undefined:undefined:undefined:undefined":5,"s:100:8:102:Infinity":37,"s:104:8:104:Infinity":38,"f:107:12:107:26":9,"b:108:8:112:Infinity:undefined:undefined:undefined:undefined":6,"s:108:8:112:Infinity":39,"b:108:12:108:37:108:37:108:66":7,"s:109:25:109:Infinity":40,"s:110:27:110:Infinity":41,"s:111:12:111:Infinity":42,"f:115:11:115:19":10,"s:116:8:118:Infinity":43,"s:117:12:117:Infinity":44,"s:119:8:119:Infinity":45,"s:120:8:120:Infinity":46,"f:124:11:124:19":11,"b:125:8:127:Infinity:undefined:undefined:undefined:undefined":8,"s:125:8:127:Infinity":47,"s:126:12:126:Infinity":48}}},"/Users/ryanrentfro/code/aitool-photo-optimizer/packages/node/src/queue.ts":{"path":"/Users/ryanrentfro/code/aitool-photo-optimizer/packages/node/src/queue.ts","statementMap":{"0":{"start":{"line":10,"column":43},"end":{"line":10,"column":null}},"1":{"start":{"line":11,"column":22},"end":{"line":11,"column":null}},"2":{"start":{"line":12,"column":21},"end":{"line":12,"column":null}},"3":{"start":{"line":14,"column":24},"end":{"line":14,"column":46}},"4":{"start":{"line":17,"column":8},"end":{"line":20,"column":null}},"5":{"start":{"line":18,"column":12},"end":{"line":18,"column":null}},"6":{"start":{"line":19,"column":12},"end":{"line":19,"column":null}},"7":{"start":{"line":24,"column":8},"end":{"line":24,"column":null}},"8":{"start":{"line":25,"column":8},"end":{"line":25,"column":null}},"9":{"start":{"line":29,"column":8},"end":{"line":29,"column":null}},"10":{"start":{"line":33,"column":8},"end":{"line":35,"column":null}},"11":{"start":{"line":34,"column":12},"end":{"line":34,"column":null}},"12":{"start":{"line":37,"column":21},"end":{"line":37,"column":null}},"13":{"start":{"line":38,"column":8},"end":{"line":38,"column":null}},"14":{"start":{"line":38,"column":19},"end":{"line":38,"column":null}},"15":{"start":{"line":40,"column":8},"end":{"line":40,"column":null}},"16":{"start":{"line":41,"column":8},"end":{"line":50,"column":null}},"17":{"start":{"line":42,"column":12},"end":{"line":42,"column":null}},"18":{"start":{"line":43,"column":12},"end":{"line":43,"column":null}},"19":{"start":{"line":45,"column":12},"end":{"line":45,"column":null}},"20":{"start":{"line":46,"column":12},"end":{"line":46,"column":null}},"21":{"start":{"line":48,"column":12},"end":{"line":48,"column":null}},"22":{"start":{"line":49,"column":12},"end":{"line":49,"column":null}}},"fnMap":{"0":{"name":"(anonymous_0)","decl":{"start":{"line":14,"column":4},"end":{"line":14,"column":24}},"loc":{"start":{"line":14,"column":49},"end":{"line":14,"column":null}},"line":14},"1":{"name":"(anonymous_1)","decl":{"start":{"line":16,"column":10},"end":{"line":16,"column":17}},"loc":{"start":{"line":16,"column":50},"end":{"line":21,"column":null}},"line":16},"2":{"name":"(anonymous_2)","decl":{"start":{"line":17,"column":27},"end":{"line":17,"column":28}},"loc":{"start":{"line":17,"column":48},"end":{"line":20,"column":9}},"line":17},"3":{"name":"(anonymous_3)","decl":{"start":{"line":23,"column":4},"end":{"line":23,"column":18}},"loc":{"start":{"line":23,"column":18},"end":{"line":26,"column":null}},"line":23},"4":{"name":"(anonymous_4)","decl":{"start":{"line":28,"column":4},"end":{"line":28,"column":17}},"loc":{"start":{"line":28,"column":17},"end":{"line":30,"column":null}},"line":28},"5":{"name":"(anonymous_5)","decl":{"start":{"line":32,"column":18},"end":{"line":32,"column":32}},"loc":{"start":{"line":32,"column":32},"end":{"line":51,"column":null}},"line":32}},"branchMap":{"0":{"loc":{"start":{"line":14,"column":24},"end":{"line":14,"column":49}},"type":"default-arg","locations":[{"start":{"line":14,"column":46},"end":{"line":14,"column":49}}],"line":14},"1":{"loc":{"start":{"line":33,"column":8},"end":{"line":35,"column":null}},"type":"if","locations":[{"start":{"line":33,"column":8},"end":{"line":35,"column":null}},{"start":{},"end":{}}],"line":33},"2":{"loc":{"start":{"line":33,"column":12},"end":{"line":33,"column":89}},"type":"binary-expr","locations":[{"start":{"line":33,"column":12},"end":{"line":33,"column":28}},{"start":{"line":33,"column":28},"end":{"line":33,"column":64}},{"start":{"line":33,"column":64},"end":{"line":33,"column":89}}],"line":33},"3":{"loc":{"start":{"line":38,"column":8},"end":{"line":38,"column":null}},"type":"if","locations":[{"start":{"line":38,"column":8},"end":{"line":38,"column":null}},{"start":{},"end":{}}],"line":38}},"s":{"0":3,"1":3,"2":3,"3":3,"4":6,"5":6,"6":6,"7":3,"8":3,"9":0,"10":15,"11":9,"12":6,"13":6,"14":0,"15":6,"16":6,"17":6,"18":5,"19":1,"20":1,"21":6,"22":6},"f":{"0":3,"1":6,"2":6,"3":3,"4":0,"5":15},"b":{"0":[3],"1":[9,6],"2":[15,15,13],"3":[0,6]},"meta":{"lastBranch":4,"lastFunction":6,"lastStatement":23,"seen":{"s:10:43:10:Infinity":0,"s:11:22:11:Infinity":1,"s:12:21:12:Infinity":2,"f:14:4:14:24":0,"b:14:46:14:49":0,"s:14:24:14:46":3,"f:16:10:16:17":1,"s:17:8:20:Infinity":4,"f:17:27:17:28":2,"s:18:12:18:Infinity":5,"s:19:12:19:Infinity":6,"f:23:4:23:18":3,"s:24:8:24:Infinity":7,"s:25:8:25:Infinity":8,"f:28:4:28:17":4,"s:29:8:29:Infinity":9,"f:32:18:32:32":5,"b:33:8:35:Infinity:undefined:undefined:undefined:undefined":1,"s:33:8:35:Infinity":10,"b:33:12:33:28:33:28:33:64:33:64:33:89":2,"s:34:12:34:Infinity":11,"s:37:21:37:Infinity":12,"b:38:8:38:Infinity:undefined:undefined:undefined:undefined":3,"s:38:8:38:Infinity":13,"s:38:19:38:Infinity":14,"s:40:8:40:Infinity":15,"s:41:8:50:Infinity":16,"s:42:12:42:Infinity":17,"s:43:12:43:Infinity":18,"s:45:12:45:Infinity":19,"s:46:12:46:Infinity":20,"s:48:12:48:Infinity":21,"s:49:12:49:Infinity":22}}},"/Users/ryanrentfro/code/aitool-photo-optimizer/packages/web/src/observer.ts":{"path":"/Users/ryanrentfro/code/aitool-photo-optimizer/packages/web/src/observer.ts","statementMap":{"0":{"start":{"line":4,"column":24},"end":{"line":4,"column":53}},"1":{"start":{"line":4,"column":53},"end":{"line":4,"column":73}},"2":{"start":{"line":8,"column":25},"end":{"line":23,"column":null}},"3":{"start":{"line":9,"column":12},"end":{"line":22,"column":null}},"4":{"start":{"line":10,"column":16},"end":{"line":21,"column":null}},"5":{"start":{"line":11,"column":20},"end":{"line":16,"column":null}},"6":{"start":{"line":13,"column":24},"end":{"line":15,"column":null}},"7":{"start":{"line":14,"column":28},"end":{"line":14,"column":null}},"8":{"start":{"line":17,"column":16},"end":{"line":21,"column":null}},"9":{"start":{"line":18,"column":20},"end":{"line":20,"column":null}},"10":{"start":{"line":19,"column":24},"end":{"line":19,"column":null}},"11":{"start":{"line":25,"column":8},"end":{"line":30,"column":null}},"12":{"start":{"line":33,"column":8},"end":{"line":33,"column":null}},"13":{"start":{"line":37,"column":23},"end":{"line":37,"column":null}},"14":{"start":{"line":38,"column":8},"end":{"line":38,"column":null}},"15":{"start":{"line":38,"column":32},"end":{"line":38,"column":55}},"16":{"start":{"line":41,"column":8},"end":{"line":43,"column":null}},"17":{"start":{"line":42,"column":12},"end":{"line":42,"column":null}},"18":{"start":{"line":47,"column":8},"end":{"line":47,"column":null}},"19":{"start":{"line":47,"column":38},"end":{"line":47,"column":null}},"20":{"start":{"line":49,"column":28},"end":{"line":49,"column":null}},"21":{"start":{"line":50,"column":8},"end":{"line":50,"column":null}},"22":{"start":{"line":50,"column":26},"end":{"line":50,"column":null}},"23":{"start":{"line":56,"column":29},"end":{"line":56,"column":null}},"24":{"start":{"line":58,"column":8},"end":{"line":62,"column":null}},"25":{"start":{"line":59,"column":12},"end":{"line":59,"column":null}},"26":{"start":{"line":60,"column":12},"end":{"line":60,"column":null}},"27":{"start":{"line":61,"column":12},"end":{"line":61,"column":null}}},"fnMap":{"0":{"name":"(anonymous_0)","decl":{"start":{"line":4,"column":4},"end":{"line":4,"column":24}},"loc":{"start":{"line":4,"column":88},"end":{"line":4,"column":null}},"line":4},"1":{"name":"(anonymous_1)","decl":{"start":{"line":6,"column":4},"end":{"line":6,"column":12}},"loc":{"start":{"line":6,"column":12},"end":{"line":34,"column":null}},"line":6},"2":{"name":"(anonymous_2)","decl":{"start":{"line":8,"column":46},"end":{"line":8,"column":47}},"loc":{"start":{"line":8,"column":61},"end":{"line":23,"column":9}},"line":8},"3":{"name":"(anonymous_3)","decl":{"start":{"line":9,"column":30},"end":{"line":9,"column":31}},"loc":{"start":{"line":9,"column":44},"end":{"line":22,"column":13}},"line":9},"4":{"name":"(anonymous_4)","decl":{"start":{"line":11,"column":48},"end":{"line":11,"column":49}},"loc":{"start":{"line":11,"column":58},"end":{"line":16,"column":21}},"line":11},"5":{"name":"(anonymous_5)","decl":{"start":{"line":36,"column":12},"end":{"line":36,"column":17}},"loc":{"start":{"line":36,"column":36},"end":{"line":44,"column":null}},"line":36},"6":{"name":"(anonymous_6)","decl":{"start":{"line":38,"column":23},"end":{"line":38,"column":24}},"loc":{"start":{"line":38,"column":32},"end":{"line":38,"column":55}},"line":38},"7":{"name":"(anonymous_7)","decl":{"start":{"line":46,"column":12},"end":{"line":46,"column":26}},"loc":{"start":{"line":46,"column":49},"end":{"line":63,"column":null}},"line":46}},"branchMap":{"0":{"loc":{"start":{"line":4,"column":53},"end":{"line":4,"column":88}},"type":"default-arg","locations":[{"start":{"line":4,"column":73},"end":{"line":4,"column":88}}],"line":4},"1":{"loc":{"start":{"line":10,"column":16},"end":{"line":21,"column":null}},"type":"if","locations":[{"start":{"line":10,"column":16},"end":{"line":21,"column":null}},{"start":{"line":17,"column":16},"end":{"line":21,"column":null}}],"line":10},"2":{"loc":{"start":{"line":13,"column":24},"end":{"line":15,"column":null}},"type":"if","locations":[{"start":{"line":13,"column":24},"end":{"line":15,"column":null}},{"start":{},"end":{}}],"line":13},"3":{"loc":{"start":{"line":17,"column":16},"end":{"line":21,"column":null}},"type":"if","locations":[{"start":{"line":17,"column":16},"end":{"line":21,"column":null}},{"start":{},"end":{}}],"line":17},"4":{"loc":{"start":{"line":17,"column":27},"end":{"line":17,"column":95}},"type":"binary-expr","locations":[{"start":{"line":17,"column":27},"end":{"line":17,"column":61}},{"start":{"line":17,"column":61},"end":{"line":17,"column":95}}],"line":17},"5":{"loc":{"start":{"line":18,"column":20},"end":{"line":20,"column":null}},"type":"if","locations":[{"start":{"line":18,"column":20},"end":{"line":20,"column":null}},{"start":{},"end":{}}],"line":18},"6":{"loc":{"start":{"line":41,"column":8},"end":{"line":43,"column":null}},"type":"if","locations":[{"start":{"line":41,"column":8},"end":{"line":43,"column":null}},{"start":{},"end":{}}],"line":41},"7":{"loc":{"start":{"line":47,"column":8},"end":{"line":47,"column":null}},"type":"if","locations":[{"start":{"line":47,"column":8},"end":{"line":47,"column":null}},{"start":{},"end":{}}],"line":47},"8":{"loc":{"start":{"line":50,"column":8},"end":{"line":50,"column":null}},"type":"if","locations":[{"start":{"line":50,"column":8},"end":{"line":50,"column":null}},{"start":{},"end":{}}],"line":50},"9":{"loc":{"start":{"line":56,"column":56},"end":{"line":56,"column":80}},"type":"binary-expr","locations":[{"start":{"line":56,"column":56},"end":{"line":56,"column":69}},{"start":{"line":56,"column":69},"end":{"line":56,"column":80}}],"line":56},"10":{"loc":{"start":{"line":58,"column":8},"end":{"line":62,"column":null}},"type":"if","locations":[{"start":{"line":58,"column":8},"end":{"line":62,"column":null}},{"start":{},"end":{}}],"line":58}},"s":{"0":3,"1":3,"2":3,"3":2,"4":2,"5":1,"6":1,"7":1,"8":1,"9":1,"10":1,"11":3,"12":3,"13":4,"14":4,"15":1,"16":4,"17":1,"18":3,"19":0,"20":3,"21":3,"22":0,"23":3,"24":3,"25":3,"26":3,"27":3},"f":{"0":3,"1":3,"2":2,"3":2,"4":1,"5":4,"6":1,"7":3},"b":{"0":[3],"1":[1,1],"2":[1,0],"3":[1,0],"4":[1,1],"5":[1,0],"6":[1,3],"7":[0,3],"8":[0,3],"9":[3,2],"10":[3,0]},"meta":{"lastBranch":11,"lastFunction":8,"lastStatement":28,"seen":{"f:4:4:4:24":0,"b:4:73:4:88":0,"s:4:24:4:53":0,"s:4:53:4:73":1,"f:6:4:6:12":1,"s:8:25:23:Infinity":2,"f:8:46:8:47":2,"s:9:12:22:Infinity":3,"f:9:30:9:31":3,"b:10:16:21:Infinity:17:16:21:Infinity":1,"s:10:16:21:Infinity":4,"s:11:20:16:Infinity":5,"f:11:48:11:49":4,"b:13:24:15:Infinity:undefined:undefined:undefined:undefined":2,"s:13:24:15:Infinity":6,"s:14:28:14:Infinity":7,"b:17:16:21:Infinity:undefined:undefined:undefined:undefined":3,"s:17:16:21:Infinity":8,"b:17:27:17:61:17:61:17:95":4,"b:18:20:20:Infinity:undefined:undefined:undefined:undefined":5,"s:18:20:20:Infinity":9,"s:19:24:19:Infinity":10,"s:25:8:30:Infinity":11,"s:33:8:33:Infinity":12,"f:36:12:36:17":5,"s:37:23:37:Infinity":13,"s:38:8:38:Infinity":14,"f:38:23:38:24":6,"s:38:32:38:55":15,"b:41:8:43:Infinity:undefined:undefined:undefined:undefined":6,"s:41:8:43:Infinity":16,"s:42:12:42:Infinity":17,"f:46:12:46:26":7,"b:47:8:47:Infinity:undefined:undefined:undefined:undefined":7,"s:47:8:47:Infinity":18,"s:47:38:47:Infinity":19,"s:49:28:49:Infinity":20,"b:50:8:50:Infinity:undefined:undefined:undefined:undefined":8,"s:50:8:50:Infinity":21,"s:50:26:50:Infinity":22,"s:56:29:56:Infinity":23,"b:56:56:56:69:56:69:56:80":9,"b:58:8:62:Infinity:undefined:undefined:undefined:undefined":10,"s:58:8:62:Infinity":24,"s:59:12:59:Infinity":25,"s:60:12:60:Infinity":26,"s:61:12:61:Infinity":27}}}}}