{"numTotalTestSuites":32,"numPassedTestSuites":32,"numFailedTestSuites":0,"numPendingTestSuites":0,"numTotalTests":46,"numPassedTests":46,"numFailedTests":0,"numPendingTests":0,"numTodoTests":0,"snapshot":{"added":0,"failure":false,"filesAdded":0,"filesRemoved":0,"filesRemovedList":[],"filesUnmatched":0,"filesUpdated":0,"matched":0,"total":0,"unchecked":0,"uncheckedKeysByFile":[],"unmatched":0,"updated":0,"didUpdate":false},"startTime":1770050121198,"success":true,"testResults":[{"assertionResults":[{"ancestorTitles":["Hashing Utils","createContentHash"],"fullName":"Hashing Utils createContentHash should generate consistent hash for same content","status":"passed","title":"should generate consistent hash for same content","duration":2.8004999999999995,"failureMessages":[],"meta":{}},{"ancestorTitles":["Hashing Utils","createContentHash"],"fullName":"Hashing Utils createContentHash should generate different hash for different content","status":"passed","title":"should generate different hash for different content","duration":1.165709000000021,"failureMessages":[],"meta":{}},{"ancestorTitles":["Hashing Utils","createOptionsHash"],"fullName":"Hashing Utils createOptionsHash should generate stable hash regardless of key order","status":"passed","title":"should generate stable hash regardless of key order","duration":0.255958000000021,"failureMessages":[],"meta":{}},{"ancestorTitles":["Hashing Utils","createOptionsHash"],"fullName":"Hashing Utils createOptionsHash should generate different hash for different values","status":"passed","title":"should generate different hash for different values","duration":0.1144999999999925,"failureMessages":[],"meta":{}},{"ancestorTitles":["Hashing Utils","generateOutputName"],"fullName":"Hashing Utils generateOutputName should combine parts correctly","status":"passed","title":"should combine parts correctly","duration":0.2572499999999991,"failureMessages":[],"meta":{}}],"startTime":1770050121795,"endTime":1770050121799.2573,"status":"passed","message":"","name":"/Users/ryanrentfro/code/aitool-photo-optimizer/packages/core/test/hashing.test.ts"},{"assertionResults":[{"ancestorTitles":["Manifest Utils"],"fullName":"Manifest Utils createEmptyManifest should return a default structure","status":"passed","title":"createEmptyManifest should return a default structure","duration":2.8653750000000286,"failureMessages":[],"meta":{}},{"ancestorTitles":["Manifest Utils"],"fullName":"Manifest Utils mergeManifests should combine entries","status":"passed","title":"mergeManifests should combine entries","duration":0.5909159999999929,"failureMessages":[],"meta":{}},{"ancestorTitles":["Manifest Utils"],"fullName":"Manifest Utils mergeManifests should overwrite existing entries","status":"passed","title":"mergeManifests should overwrite existing entries","duration":0.30487499999998136,"failureMessages":[],"meta":{}}],"startTime":1770050121746,"endTime":1770050121750.305,"status":"passed","message":"","name":"/Users/ryanrentfro/code/aitool-photo-optimizer/packages/core/test/manifest.test.ts"},{"assertionResults":[{"ancestorTitles":["Planner"],"fullName":"Planner should throw if input buffer is missing","status":"passed","title":"should throw if input buffer is missing","duration":1.7871250000000032,"failureMessages":[],"meta":{}},{"ancestorTitles":["Planner"],"fullName":"Planner should generate jobs for default formats","status":"passed","title":"should generate jobs for default formats","duration":2.001042000000041,"failureMessages":[],"meta":{}},{"ancestorTitles":["Planner"],"fullName":"Planner should apply presets based on classification","status":"passed","title":"should apply presets based on classification","duration":0.41758399999997664,"failureMessages":[],"meta":{}},{"ancestorTitles":["Planner"],"fullName":"Planner should respect container dimensions","status":"passed","title":"should respect container dimensions","duration":0.4106670000000463,"failureMessages":[],"meta":{}},{"ancestorTitles":["Planner"],"fullName":"Planner should merge specific format configs","status":"passed","title":"should merge specific format configs","duration":0.291041000000007,"failureMessages":[],"meta":{}}],"startTime":1770050121789,"endTime":1770050121794.4106,"status":"passed","message":"","name":"/Users/ryanrentfro/code/aitool-photo-optimizer/packages/core/test/planner.test.ts"},{"assertionResults":[{"ancestorTitles":["AutoOptimizer"],"fullName":"AutoOptimizer should optimize existing images on scan","status":"passed","title":"should optimize existing images on scan","duration":3.1964590000000044,"failureMessages":[],"meta":{}},{"ancestorTitles":["AutoOptimizer"],"fullName":"AutoOptimizer should handle childList mutations","status":"passed","title":"should handle childList mutations","duration":0.5860830000000306,"failureMessages":[],"meta":{}},{"ancestorTitles":["AutoOptimizer"],"fullName":"AutoOptimizer should handle attribute mutations","status":"passed","title":"should handle attribute mutations","duration":0.3164170000000013,"failureMessages":[],"meta":{}}],"startTime":1770050121901,"endTime":1770050121905.3164,"status":"passed","message":"","name":"/Users/ryanrentfro/code/aitool-photo-optimizer/packages/web/test/observer.test.ts"},{"assertionResults":[{"ancestorTitles":["HeuristicClassifier"],"fullName":"HeuristicClassifier should classify based on extension","status":"passed","title":"should classify based on extension","duration":0.6586670000000083,"failureMessages":[],"meta":{}},{"ancestorTitles":["HeuristicClassifier"],"fullName":"HeuristicClassifier should classify screenshot based on keyword in path","status":"passed","title":"should classify screenshot based on keyword in path","duration":0.068916999999999,"failureMessages":[],"meta":{}},{"ancestorTitles":["HeuristicClassifier"],"fullName":"HeuristicClassifier should refine classification based on metadata","status":"passed","title":"should refine classification based on metadata","duration":0.14025000000000887,"failureMessages":[],"meta":{}}],"startTime":1770050121866,"endTime":1770050121867.1401,"status":"passed","message":"","name":"/Users/ryanrentfro/code/aitool-photo-optimizer/packages/node/test/classifier.test.ts"},{"assertionResults":[{"ancestorTitles":["CLI","loadConfig"],"fullName":"CLI loadConfig should load config if exists","status":"passed","title":"should load config if exists","duration":5.304167000000007,"failureMessages":[],"meta":{}},{"ancestorTitles":["CLI","loadConfig"],"fullName":"CLI loadConfig should return default config if not exists","status":"passed","title":"should return default config if not exists","duration":0.2675839999999994,"failureMessages":[],"meta":{}},{"ancestorTitles":["CLI","buildAction"],"fullName":"CLI buildAction should run build process","status":"passed","title":"should run build process","duration":9.376083999999992,"failureMessages":[],"meta":{}},{"ancestorTitles":["CLI","buildAction"],"fullName":"CLI buildAction should clean output directory if requested","status":"passed","title":"should clean output directory if requested","duration":1.9314169999999535,"failureMessages":[],"meta":{}},{"ancestorTitles":["CLI","updateSourceAction"],"fullName":"CLI updateSourceAction should update source files","status":"passed","title":"should update source files","duration":1.483459000000039,"failureMessages":[],"meta":{}},{"ancestorTitles":["CLI","updateSourceAction"],"fullName":"CLI updateSourceAction should handle errors","status":"passed","title":"should handle errors","duration":0.8618749999999977,"failureMessages":[],"meta":{}}],"startTime":1770050121533,"endTime":1770050121552.8618,"status":"passed","message":"","name":"/Users/ryanrentfro/code/aitool-photo-optimizer/packages/node/test/cli.test.ts"},{"assertionResults":[{"ancestorTitles":["SharpAdapter"],"fullName":"SharpAdapter should initialize worker pool","status":"passed","title":"should initialize worker pool","duration":1.561207999999965,"failureMessages":[],"meta":{}},{"ancestorTitles":["SharpAdapter"],"fullName":"SharpAdapter should offload optimize to worker","status":"passed","title":"should offload optimize to worker","duration":2.2002499999999827,"failureMessages":[],"meta":{}},{"ancestorTitles":["SharpAdapter"],"fullName":"SharpAdapter should offload metadata to worker","status":"passed","title":"should offload metadata to worker","duration":0.5464170000000195,"failureMessages":[],"meta":{}},{"ancestorTitles":["SharpAdapter"],"fullName":"SharpAdapter should close pool","status":"passed","title":"should close pool","duration":0.2537919999999758,"failureMessages":[],"meta":{}}],"startTime":1770050121747,"endTime":1770050121752.254,"status":"passed","message":"","name":"/Users/ryanrentfro/code/aitool-photo-optimizer/packages/node/test/codecs.test.ts"},{"assertionResults":[{"ancestorTitles":["Golden Image Tests (E2E)"],"fullName":"Golden Image Tests (E2E) should build golden images with correct classification and presets","status":"passed","title":"should build golden images with correct classification and presets","duration":420.63,"failureMessages":[],"meta":{}}],"startTime":1770050121396,"endTime":1770050121816.63,"status":"passed","message":"","name":"/Users/ryanrentfro/code/aitool-photo-optimizer/packages/node/test/golden.spec.ts"},{"assertionResults":[{"ancestorTitles":["LocalQueue"],"fullName":"LocalQueue should execute jobs with concurrency","status":"passed","title":"should execute jobs with concurrency","duration":104.9385,"failureMessages":[],"meta":{}},{"ancestorTitles":["LocalQueue"],"fullName":"LocalQueue should handle job errors","status":"passed","title":"should handle job errors","duration":3.194500000000005,"failureMessages":[],"meta":{}},{"ancestorTitles":["LocalQueue"],"fullName":"LocalQueue should process queued items","status":"passed","title":"should process queued items","duration":0.36195800000001555,"failureMessages":[],"meta":{}}],"startTime":1770050121391,"endTime":1770050121499.362,"status":"passed","message":"","name":"/Users/ryanrentfro/code/aitool-photo-optimizer/packages/node/test/queue.test.ts"},{"assertionResults":[{"ancestorTitles":["SourceUpdater"],"fullName":"SourceUpdater should load manifest correctly","status":"passed","title":"should load manifest correctly","duration":6.032250000000005,"failureMessages":[],"meta":{}},{"ancestorTitles":["SourceUpdater"],"fullName":"SourceUpdater should replace img src and add srcset","status":"passed","title":"should replace img src and add srcset","duration":23.605165999999997,"failureMessages":[],"meta":{}},{"ancestorTitles":["SourceUpdater"],"fullName":"SourceUpdater should replace string references in JS/TS files","status":"passed","title":"should replace string references in JS/TS files","duration":7.276958999999977,"failureMessages":[],"meta":{}},{"ancestorTitles":["SourceUpdater"],"fullName":"SourceUpdater should not modify files in dry-run mode","status":"passed","title":"should not modify files in dry-run mode","duration":6.323332999999991,"failureMessages":[],"meta":{}}],"startTime":1770050121457,"endTime":1770050121500.3232,"status":"passed","message":"","name":"/Users/ryanrentfro/code/aitool-photo-optimizer/packages/node/test/source-updater.test.ts"},{"assertionResults":[{"ancestorTitles":["FileSystemAdapter"],"fullName":"FileSystemAdapter should read file from base path","status":"passed","title":"should read file from base path","duration":1.4222090000000094,"failureMessages":[],"meta":{}},{"ancestorTitles":["FileSystemAdapter"],"fullName":"FileSystemAdapter should write file ensuring directory exists","status":"passed","title":"should write file ensuring directory exists","duration":1.0024999999999977,"failureMessages":[],"meta":{}},{"ancestorTitles":["FileSystemAdapter"],"fullName":"FileSystemAdapter should check existence","status":"passed","title":"should check existence","duration":0.21058299999998553,"failureMessages":[],"meta":{}},{"ancestorTitles":["FileSystemAdapter"],"fullName":"FileSystemAdapter should delete file","status":"passed","title":"should delete file","duration":0.14799999999999613,"failureMessages":[],"meta":{}}],"startTime":1770050121442,"endTime":1770050121445.148,"status":"passed","message":"","name":"/Users/ryanrentfro/code/aitool-photo-optimizer/packages/node/test/storage.test.ts"},{"assertionResults":[{"ancestorTitles":["CLI source-update"],"fullName":"CLI source-update should update source files using CLI","status":"passed","title":"should update source files using CLI","duration":305.80674999999997,"failureMessages":[],"meta":{}},{"ancestorTitles":["CLI source-update"],"fullName":"CLI source-update should support dry-run","status":"passed","title":"should support dry-run","duration":134.92004099999997,"failureMessages":[],"meta":{}}],"startTime":1770050121395,"endTime":1770050121835.92,"status":"passed","message":"","name":"/Users/ryanrentfro/code/aitool-photo-optimizer/packages/node/test/update-source.spec.ts"},{"assertionResults":[{"ancestorTitles":["WorkerPool"],"fullName":"WorkerPool should distribute tasks to workers","status":"passed","title":"should distribute tasks to workers","duration":24.487374999999986,"failureMessages":[],"meta":{}},{"ancestorTitles":["WorkerPool"],"fullName":"WorkerPool should handle worker errors","status":"passed","title":"should handle worker errors","duration":12.637374999999992,"failureMessages":[],"meta":{}},{"ancestorTitles":["WorkerPool"],"fullName":"WorkerPool should handle worker crash","status":"passed","title":"should handle worker crash","duration":11.34366700000001,"failureMessages":[],"meta":{}}],"startTime":1770050121390,"endTime":1770050121439.3438,"status":"passed","message":"","name":"/Users/ryanrentfro/code/aitool-photo-optimizer/packages/node/test/worker-pool.test.ts"}]}